<?xml version="1.0" encoding="utf-8"?><testsuites name="pytest tests"><testsuite name="pytest" errors="0" failures="0" skipped="0" tests="12" time="9.699" timestamp="2026-02-25T22:52:22.583558+00:00" hostname="agent-env-47455c14-68c5-44a0-972d-03e7b36a7972"><testcase classname="tests.test_iteration45.TestYarnGPTVoices" name="test_voices_endpoint_returns_yarngpt_voices" time="0.282" /><testcase classname="tests.test_iteration45.TestYarnGPTVoices" name="test_voice_has_required_fields" time="0.152" /><testcase classname="tests.test_iteration45.TestTTSGeneration" name="test_tts_generate_with_emma_voice" time="4.308" /><testcase classname="tests.test_iteration45.TestTTSGeneration" name="test_tts_generate_with_idera_voice" time="2.914" /><testcase classname="tests.test_iteration45.TestSettingsPersistence" name="test_guest_settings_post_then_get_interests" time="0.300" /><testcase classname="tests.test_iteration45.TestSettingsPersistence" name="test_settings_sound_theme_persistence" time="0.262" /><testcase classname="tests.test_iteration45.TestSoundThemes" name="test_sound_themes_list" time="0.153" /><testcase classname="tests.test_iteration45.TestSoundThemes" name="test_single_theme_has_intro_notes" time="0.164" /><testcase classname="tests.test_iteration45.TestNotifications" name="test_subscribe_endpoint" time="0.109" /><testcase classname="tests.test_iteration45.TestNotifications" name="test_unsubscribe_endpoint" time="0.150" /><testcase classname="tests.test_iteration45.TestNotifications" name="test_digest_endpoint" time="0.130" /><testcase classname="tests.test_iteration45.TestNewsEndpoint" name="test_news_endpoint_returns_articles" time="0.709" /></testsuite></testsuites>