<?xml version="1.0" encoding="utf-8"?><testsuites name="pytest tests"><testsuite name="pytest" errors="0" failures="0" skipped="0" tests="10" time="6.034" timestamp="2026-02-26T21:34:46.993145+00:00" hostname="agent-env-e36cb6bc-5508-45e1-8017-3da575fd9564"><testcase classname="backend.tests.test_iteration53_analytics.TestAnalyticsEndpoint" name="test_analytics_guest_returns_expected_fields" time="0.206" /><testcase classname="backend.tests.test_iteration53_analytics.TestAnalyticsEndpoint" name="test_analytics_daily_activity_structure" time="0.135" /><testcase classname="backend.tests.test_iteration53_analytics.TestNewsCaching" name="test_news_first_call" time="0.863" /><testcase classname="backend.tests.test_iteration53_analytics.TestNewsCaching" name="test_news_second_call_uses_cache" time="0.400" /><testcase classname="backend.tests.test_iteration53_analytics.TestRecommendationsCache" name="test_recommendations_endpoint_works" time="3.221" /><testcase classname="backend.tests.test_iteration53_analytics.TestVoiceDefaults" name="test_settings_voice_defaults_emma" time="0.140" /><testcase classname="backend.tests.test_iteration53_analytics.TestVoiceDefaults" name="test_voice_settings_endpoint_defaults_emma" time="0.119" /><testcase classname="backend.tests.test_iteration53_analytics.TestVoiceDefaults" name="test_voices_endpoint_includes_emma" time="0.167" /><testcase classname="backend.tests.test_iteration53_analytics.TestBriefingVoice" name="test_briefing_generate_defaults_emma" time="0.306" /><testcase classname="backend.tests.test_iteration53_analytics.TestHealthAndBasicEndpoints" name="test_health_endpoint" time="0.406" /></testsuite></testsuites>