<?xml version="1.0" encoding="utf-8"?><testsuites name="pytest tests"><testsuite name="pytest" errors="0" failures="1" skipped="0" tests="16" time="8.416" timestamp="2026-02-25T14:09:01.476495+00:00" hostname="agent-env-11771840-5756-4d51-b278-26cf9c9736bb"><testcase classname="backend.tests.test_iteration_35.TestNewsDataBugFix" name="test_newsdata_endpoint_returns_200" time="0.518" /><testcase classname="backend.tests.test_iteration_35.TestNewsDataBugFix" name="test_newsdata_returns_articles" time="0.339" /><testcase classname="backend.tests.test_iteration_35.TestNewsDataBugFix" name="test_aggregator_status_shows_newsdata" time="0.191" /><testcase classname="backend.tests.test_iteration_35.TestSearchBugFix" name="test_search_endpoint_returns_200" time="0.692" /><testcase classname="backend.tests.test_iteration_35.TestSearchBugFix" name="test_search_includes_aggregator_articles" time="0.715" /><testcase classname="backend.tests.test_iteration_35.TestSearchBugFix" name="test_search_with_different_query" time="0.856" /><testcase classname="backend.tests.test_iteration_35.TestUserPrefsIntegration" name="test_guest_settings_returns_aggregator_prefs" time="0.112" /><testcase classname="backend.tests.test_iteration_35.TestUserPrefsIntegration" name="test_news_endpoint_accepts_aggregator_sources" time="0.882" /><testcase classname="backend.tests.test_iteration_35.TestUserPrefsIntegration" name="test_news_endpoint_filters_by_single_source" time="0.862" /><testcase classname="backend.tests.test_iteration_35.TestDeduplication" name="test_news_returns_unique_items" time="0.930" /><testcase classname="backend.tests.test_iteration_35.TestAggregatorCacheRefresh" name="test_aggregator_status_cache_info" time="0.193" /><testcase classname="backend.tests.test_iteration_35.TestAggregatorCacheRefresh" name="test_mediastack_endpoint" time="0.409" /><testcase classname="backend.tests.test_iteration_35.TestSearchFilters" name="test_search_with_category_filter" time="0.663" /><testcase classname="backend.tests.test_iteration_35.TestSearchFilters" name="test_search_pagination" time="0.669" /><testcase classname="backend.tests.test_iteration_35.TestHealthAndBasics" name="test_health_endpoint" time="0.166" /><testcase classname="backend.tests.test_iteration_35.TestHealthAndBasics" name="test_metrics_endpoint" time="0.123"><failure message="AssertionError: assert 'active_feeds' in {'aggregators': {'cache_stale': False, 'cache_ttl_seconds': 600, 'last_fetched': '2026-02-25T14:08:59.057316+00:00', 'mediastack': {'cached_count': 10, 'configured': True}, ...}, 'broadcast_sources': 17, 'continental_sources': 8, 'international_sources': 11, ...}">backend/tests/test_iteration_35.py:251: in test_metrics_endpoint
    assert "active_feeds" in data
E   AssertionError: assert 'active_feeds' in {'aggregators': {'cache_stale': False, 'cache_ttl_seconds': 600, 'last_fetched': '2026-02-25T14:08:59.057316+00:00', 'mediastack': {'cached_count': 10, 'configured': True}, ...}, 'broadcast_sources': 17, 'continental_sources': 8, 'international_sources': 11, ...}</failure></testcase></testsuite></testsuites>