<?xml version="1.0" encoding="utf-8"?><testsuites name="pytest tests"><testsuite name="pytest" errors="0" failures="0" skipped="0" tests="22" time="11.059" timestamp="2026-02-25T12:33:44.184513+00:00" hostname="agent-env-c428e85f-7091-4ee1-bac2-f5475bdb97f9"><testcase classname="tests.test_iteration_34.TestAggregatorStatusCaching" name="test_aggregators_status_has_cache_ttl_seconds" time="0.150" /><testcase classname="tests.test_iteration_34.TestAggregatorStatusCaching" name="test_aggregators_status_has_cache_stale_field" time="0.249" /><testcase classname="tests.test_iteration_34.TestAggregatorStatusCaching" name="test_aggregators_status_has_last_fetched" time="0.105" /><testcase classname="tests.test_iteration_34.TestNewsWithAggregatorSourceFilter" name="test_news_include_aggregators_returns_mixed_content" time="0.840" /><testcase classname="tests.test_iteration_34.TestNewsWithAggregatorSourceFilter" name="test_news_aggregator_sources_mediastack_only" time="0.942" /><testcase classname="tests.test_iteration_34.TestNewsWithAggregatorSourceFilter" name="test_news_aggregator_sources_newsdata_only" time="0.899" /><testcase classname="tests.test_iteration_34.TestNewsWithAggregatorSourceFilter" name="test_news_aggregator_sources_both" time="0.900" /><testcase classname="tests.test_iteration_34.TestSearchWithAggregators" name="test_search_include_aggregators_default_true" time="0.855" /><testcase classname="tests.test_iteration_34.TestSearchWithAggregators" name="test_search_include_aggregators_true_explicit" time="0.892" /><testcase classname="tests.test_iteration_34.TestSearchWithAggregators" name="test_search_include_aggregators_false" time="1.606" /><testcase classname="tests.test_iteration_34.TestSearchWithAggregators" name="test_search_returns_correct_structure" time="1.264" /><testcase classname="tests.test_iteration_34.TestUserSettingsAggregatorPreferences" name="test_get_settings_has_aggregator_fields" time="0.118" /><testcase classname="tests.test_iteration_34.TestUserSettingsAggregatorPreferences" name="test_save_aggregator_preferences" time="0.163" /><testcase classname="tests.test_iteration_34.TestUserSettingsAggregatorPreferences" name="test_toggle_aggregator_preferences" time="0.252" /><testcase classname="tests.test_iteration_34.TestSettingsPersistence" name="test_settings_include_broadcast_language" time="0.109" /><testcase classname="tests.test_iteration_34.TestSettingsPersistence" name="test_settings_include_voice_model" time="0.100" /><testcase classname="tests.test_iteration_34.TestRegressionFeatures" name="test_health_endpoint" time="0.107" /><testcase classname="tests.test_iteration_34.TestRegressionFeatures" name="test_sources_health_39_feeds" time="0.121" /><testcase classname="tests.test_iteration_34.TestRegressionFeatures" name="test_sources_count_39" time="0.120" /><testcase classname="tests.test_iteration_34.TestRegressionFeatures" name="test_voices_endpoint" time="0.118" /><testcase classname="tests.test_iteration_34.TestRegressionFeatures" name="test_news_basic_endpoint" time="0.937" /><testcase classname="tests.test_iteration_34.TestRegressionFeatures" name="test_metrics_has_aggregators" time="0.124" /></testsuite></testsuites>