<?xml version="1.0" encoding="utf-8"?><testsuites name="pytest tests"><testsuite name="pytest" errors="0" failures="0" skipped="0" tests="11" time="3.019" timestamp="2026-02-25T22:27:13.496235+00:00" hostname="agent-env-47455c14-68c5-44a0-972d-03e7b36a7972"><testcase classname="backend.tests.test_iteration44.TestVoicesEndpoint" name="test_voices_returns_yarngpt_voices" time="0.184" /><testcase classname="backend.tests.test_iteration44.TestVoicesEndpoint" name="test_voices_have_correct_languages" time="0.118" /><testcase classname="backend.tests.test_iteration44.TestSoundThemesEndpoint" name="test_sound_themes_returns_5_themes" time="0.238" /><testcase classname="backend.tests.test_iteration44.TestNotificationEndpoints" name="test_subscribe_endpoint" time="0.124" /><testcase classname="backend.tests.test_iteration44.TestNotificationEndpoints" name="test_subscribe_requires_endpoint" time="0.167" /><testcase classname="backend.tests.test_iteration44.TestNotificationEndpoints" name="test_unsubscribe_endpoint" time="0.359" /><testcase classname="backend.tests.test_iteration44.TestNotificationEndpoints" name="test_digest_endpoint" time="0.175" /><testcase classname="backend.tests.test_iteration44.TestSettingsEndpoint" name="test_settings_stores_interests" time="0.255" /><testcase classname="backend.tests.test_iteration44.TestSettingsEndpoint" name="test_settings_stores_sound_theme" time="0.273" /><testcase classname="backend.tests.test_iteration44.TestBriefingEndpoint" name="test_briefing_latest_no_crash" time="0.295" /><testcase classname="backend.tests.test_iteration44.TestNewsEndpoint" name="test_news_feed_returns_data" time="0.763" /></testsuite></testsuites>