<?xml version="1.0" encoding="utf-8"?><testsuites name="pytest tests"><testsuite name="pytest" errors="0" failures="0" skipped="0" tests="10" time="5.669" timestamp="2026-02-24T20:00:30.725382+00:00" hostname="agent-env-2d9d5d86-68a3-4dae-9043-5e0e78358973"><testcase classname="backend.tests.test_iteration_23.TestNewsImageUrl" name="test_news_endpoint_returns_data" time="1.172" /><testcase classname="backend.tests.test_iteration_23.TestNewsImageUrl" name="test_news_items_have_image_url_field" time="0.743" /><testcase classname="backend.tests.test_iteration_23.TestNewsImageUrl" name="test_news_item_structure" time="0.817" /><testcase classname="backend.tests.test_iteration_23.TestHealthAndMetrics" name="test_health_endpoint" time="0.208" /><testcase classname="backend.tests.test_iteration_23.TestHealthAndMetrics" name="test_metrics_endpoint" time="0.380" /><testcase classname="backend.tests.test_iteration_23.TestRSSFeeds" name="test_news_from_vanguard_source" time="0.915" /><testcase classname="backend.tests.test_iteration_23.TestCategories" name="test_categories_endpoint" time="0.257" /><testcase classname="backend.tests.test_iteration_23.TestCategories" name="test_regions_endpoint" time="0.144" /><testcase classname="backend.tests.test_iteration_23.TestVoicesAndTrending" name="test_voices_endpoint" time="0.154" /><testcase classname="backend.tests.test_iteration_23.TestVoicesAndTrending" name="test_trending_endpoint" time="0.824" /></testsuite></testsuites>