<?xml version="1.0" encoding="utf-8"?><testsuites name="pytest tests"><testsuite name="pytest" errors="0" failures="0" skipped="0" tests="12" time="7.507" timestamp="2026-02-24T14:19:56.230563+00:00" hostname="agent-env-d783926e-4474-43ba-a205-7cf910b0c4f1"><testcase classname="tests.test_iteration_17.TestBreakingNewsAPI" name="test_breaking_news_returns_200" time="0.907" /><testcase classname="tests.test_iteration_17.TestBreakingNewsAPI" name="test_breaking_news_returns_list" time="0.971" /><testcase classname="tests.test_iteration_17.TestBreakingNewsAPI" name="test_breaking_news_has_at_least_one_story" time="0.844" /><testcase classname="tests.test_iteration_17.TestBreakingNewsAPI" name="test_breaking_news_story_structure" time="0.677" /><testcase classname="tests.test_iteration_17.TestNewsAPI" name="test_news_returns_200" time="0.663" /><testcase classname="tests.test_iteration_17.TestNewsAPI" name="test_news_returns_list_with_items" time="0.688" /><testcase classname="tests.test_iteration_17.TestNewsAPI" name="test_news_has_category_field" time="0.705" /><testcase classname="tests.test_iteration_17.TestNewsAPI" name="test_news_has_tags_field" time="0.937" /><testcase classname="tests.test_iteration_17.TestRouteOrdering" name="test_breaking_before_news_id" time="0.665" /><testcase classname="tests.test_iteration_17.TestHealthAndMetrics" name="test_health_check" time="0.119" /><testcase classname="tests.test_iteration_17.TestHealthAndMetrics" name="test_metrics_endpoint" time="0.122" /><testcase classname="tests.test_iteration_17.TestCategoriesAPI" name="test_categories_endpoint" time="0.145" /></testsuite></testsuites>