<?xml version="1.0" encoding="utf-8"?><testsuites name="pytest tests"><testsuite name="pytest" errors="0" failures="0" skipped="0" tests="28" time="3.770" timestamp="2026-02-24T12:56:00.629532+00:00" hostname="agent-env-18a17ee4-55f0-412d-bcd3-850b77ba8046"><testcase classname="tests.test_admin_factcheck_api.TestHealthCheck" name="test_health_endpoint" time="0.221" /><testcase classname="tests.test_admin_factcheck_api.TestAdminMetricsAPI" name="test_metrics_returns_200" time="0.114" /><testcase classname="tests.test_admin_factcheck_api.TestAdminMetricsAPI" name="test_metrics_has_required_fields" time="0.112" /><testcase classname="tests.test_admin_factcheck_api.TestAdminMetricsAPI" name="test_metrics_values_are_valid" time="0.149" /><testcase classname="tests.test_admin_factcheck_api.TestAdminAlertsAPI" name="test_alerts_returns_200" time="0.133" /><testcase classname="tests.test_admin_factcheck_api.TestAdminAlertsAPI" name="test_alerts_returns_list" time="0.109" /><testcase classname="tests.test_admin_factcheck_api.TestAdminAlertsAPI" name="test_alert_structure" time="0.118" /><testcase classname="tests.test_admin_factcheck_api.TestAdminStreamsAPI" name="test_streams_returns_200" time="0.164" /><testcase classname="tests.test_admin_factcheck_api.TestAdminStreamsAPI" name="test_streams_returns_list" time="0.102" /><testcase classname="tests.test_admin_factcheck_api.TestAdminStreamsAPI" name="test_stream_structure" time="0.134" /><testcase classname="tests.test_admin_factcheck_api.TestAdminVoicesAPI" name="test_voices_returns_200" time="0.118" /><testcase classname="tests.test_admin_factcheck_api.TestAdminVoicesAPI" name="test_voices_returns_list" time="0.170" /><testcase classname="tests.test_admin_factcheck_api.TestAdminVoicesAPI" name="test_voice_structure" time="0.097" /><testcase classname="tests.test_admin_factcheck_api.TestAdminModerationAPI" name="test_moderation_returns_200" time="0.138" /><testcase classname="tests.test_admin_factcheck_api.TestAdminModerationAPI" name="test_moderation_returns_list" time="0.099" /><testcase classname="tests.test_admin_factcheck_api.TestAdminModerationAPI" name="test_moderation_item_structure" time="0.099" /><testcase classname="tests.test_admin_factcheck_api.TestAdminStatsAPI" name="test_stats_returns_200" time="0.106" /><testcase classname="tests.test_admin_factcheck_api.TestAdminStatsAPI" name="test_stats_has_required_fields" time="0.133" /><testcase classname="tests.test_admin_factcheck_api.TestAdminStatsAPI" name="test_stats_dubawa_status" time="0.111" /><testcase classname="tests.test_admin_factcheck_api.TestFactCheckStoryAPI" name="test_factcheck_story_returns_200" time="0.118" /><testcase classname="tests.test_admin_factcheck_api.TestFactCheckStoryAPI" name="test_factcheck_story_structure" time="0.123" /><testcase classname="tests.test_admin_factcheck_api.TestFactCheckStoryAPI" name="test_factcheck_different_stories_may_vary" time="0.270" /><testcase classname="tests.test_admin_factcheck_api.TestFactCheckAnalyzeAPI" name="test_analyze_confirmed_text" time="0.110" /><testcase classname="tests.test_admin_factcheck_api.TestFactCheckAnalyzeAPI" name="test_analyze_disputed_text" time="0.117" /><testcase classname="tests.test_admin_factcheck_api.TestFactCheckAnalyzeAPI" name="test_analyze_rumor_text" time="0.118" /><testcase classname="tests.test_admin_factcheck_api.TestFactCheckAnalyzeAPI" name="test_analyze_neutral_text" time="0.124" /><testcase classname="tests.test_admin_factcheck_api.TestFactCheckAnalyzeAPI" name="test_analyze_false_text" time="0.120" /><testcase classname="tests.test_admin_factcheck_api.TestFactCheckAnalyzeAPI" name="test_analyze_response_structure" time="0.144" /></testsuite></testsuites>