<?xml version="1.0" encoding="utf-8"?><testsuites name="pytest tests"><testsuite name="pytest" errors="0" failures="1" skipped="0" tests="10" time="34.717" timestamp="2026-02-25T23:24:27.914853+00:00" hostname="agent-env-47455c14-68c5-44a0-972d-03e7b36a7972"><testcase classname="backend.tests.test_iteration47.TestPodcastAPI" name="test_podcasts_returns_episodes" time="16.162"><failure message="AssertionError: Response should have 'episodes' key&#10;assert 'episodes' in [{'audio_url': 'https://dts.podtrac.com/redirect.mp3/pdst.fm/e/pfx.vpixl.com/6qj4J/pscrb.fm/rss/p/nyt.simplecastaudio.com/03d8b493-87fc-4bd1-931f-8a8e9b945d8a/episodes/6bb427f3-2452-4d04-8b38-79ff0f755d4c/audio/128/default.mp3?aid=rss_feed&amp;awCollectionId=03d8b493-87fc-4bd1-931f-8a8e9b945d8a&amp;awEpisodeId=6bb427f3-2452-4d04-8b38-79ff0f755d4c&amp;feed=54nAGcIl', 'category': 'News', 'description': 'In his first State of the Union address of his second term, President Trump offered a rosy portrait of a United States that has lost confidence in his leadership. \n\nHe also relentlessly baited Democrats, who want to win back control of Congress in the midterms this fall.\n\nDavid E. Sanger, a White House correspondent for The New York Times, takes us inside the room.', 'duration': '00:37:21', ...}, {'audio_url': 'https://dts.podtrac.com/redirect.mp3/pdst.fm/e/pfx.vpixl.com/6qj4J/pscrb.fm/rss/p/nyt.simplecastaudio.com/03d8b493-87fc-4bd1-931f-8a8e9b945d8a/episodes/6bb427f3-2452-4d04-8b38-79ff0f755d4c/audio/128/default.mp3?aid=rss_feed&amp;awCollectionId=03d8b493-87fc-4bd1-931f-8a8e9b945d8a&amp;awEpisodeId=6bb427f3-2452-4d04-8b38-79ff0f755d4c&amp;feed=54nAGcIl', 'category': 'Technology', 'description': 'In ... officers changed? At what cost?\xa0&lt;br /&gt;&lt;br /&gt;&lt;br /&gt;Also, the Trump administration has plans to pour billions of dollars into warehouses for mass immigrant detention centers, which can totally change the economy of some areas. We hear from a rural town in Georgia that wants an ICE facility in its own backyard.\xa0&lt;br /&gt;&lt;br', 'duration': '1092', ...}, {'audio_url': 'https://dts.podtrac.com/redirect.mp3/pdst.fm/e/pfx.vpixl.com/6qj4J/pscrb.fm/rss/p/nyt.simplecastaudio.com/03d8b493-87fc-4bd1-931f-8a8e9b945d8a/episodes/2043217d-b926-4915-81f3-85f703cc9f65/audio/128/default.mp3?aid=rss_feed&amp;awCollectionId=03d8b493-87fc-4bd1-931f-8a8e9b945d8a&amp;awEpisodeId=2043217d-b926-4915-81f3-85f703cc9f65&amp;feed=54nAGcIl', 'category': 'News', 'description': 'The United States has been building up a military presence around Iran for weeks, even as negotiators from both countries plan to meet later this week in hopes of finding a diplomatic solution to the escalating tensions.\n\nDavid E. Sanger, a national security correspondent for The New York Times, explains what President Trump hopes to achieve through potential military action, and why he has chosen this moment.', 'duration': '00:23:13', ...}, ...]">backend/tests/test_iteration47.py:26: in test_podcasts_returns_episodes
    assert "episodes" in data, "Response should have 'episodes' key"
E   AssertionError: Response should have 'episodes' key
E   assert 'episodes' in [{'audio_url': 'https://dts.podtrac.com/redirect.mp3/pdst.fm/e/pfx.vpixl.com/6qj4J/pscrb.fm/rss/p/nyt.simplecastaudio.com/03d8b493-87fc-4bd1-931f-8a8e9b945d8a/episodes/6bb427f3-2452-4d04-8b38-79ff0f755d4c/audio/128/default.mp3?aid=rss_feed&amp;awCollectionId=03d8b493-87fc-4bd1-931f-8a8e9b945d8a&amp;awEpisodeId=6bb427f3-2452-4d04-8b38-79ff0f755d4c&amp;feed=54nAGcIl', 'category': 'News', 'description': 'In his first State of the Union address of his second term, President Trump offered a rosy portrait of a United States that has lost confidence in his leadership. \n\nHe also relentlessly baited Democrats, who want to win back control of Congress in the midterms this fall.\n\nDavid E. Sanger, a White House correspondent for The New York Times, takes us inside the room.', 'duration': '00:37:21', ...}, {'audio_url': 'https://dts.podtrac.com/redirect.mp3/pdst.fm/e/pfx.vpixl.com/6qj4J/pscrb.fm/rss/p/nyt.simplecastaudio.com/03d8b493-87fc-4bd1-931f-8a8e9b945d8a/episodes/6bb427f3-2452-4d04-8b38-79ff0f755d4c/audio/128/default.mp3?aid=rss_feed&amp;awCollectionId=03d8b493-87fc-4bd1-931f-8a8e9b945d8a&amp;awEpisodeId=6bb427f3-2452-4d04-8b38-79ff0f755d4c&amp;feed=54nAGcIl', 'category': 'Technology', 'description': 'In ... officers changed? At what cost?\xa0&lt;br /&gt;&lt;br /&gt;&lt;br /&gt;Also, the Trump administration has plans to pour billions of dollars into warehouses for mass immigrant detention centers, which can totally change the economy of some areas. We hear from a rural town in Georgia that wants an ICE facility in its own backyard.\xa0&lt;br /&gt;&lt;br', 'duration': '1092', ...}, {'audio_url': 'https://dts.podtrac.com/redirect.mp3/pdst.fm/e/pfx.vpixl.com/6qj4J/pscrb.fm/rss/p/nyt.simplecastaudio.com/03d8b493-87fc-4bd1-931f-8a8e9b945d8a/episodes/2043217d-b926-4915-81f3-85f703cc9f65/audio/128/default.mp3?aid=rss_feed&amp;awCollectionId=03d8b493-87fc-4bd1-931f-8a8e9b945d8a&amp;awEpisodeId=2043217d-b926-4915-81f3-85f703cc9f65&amp;feed=54nAGcIl', 'category': 'News', 'description': 'The United States has been building up a military presence around Iran for weeks, even as negotiators from both countries plan to meet later this week in hopes of finding a diplomatic solution to the escalating tensions.\n\nDavid E. Sanger, a national security correspondent for The New York Times, explains what President Trump hopes to achieve through potential military action, and why he has chosen this moment.', 'duration': '00:23:13', ...}, ...]</failure></testcase><testcase classname="backend.tests.test_iteration47.TestPodcastAPI" name="test_podcasts_category_filter" time="0.176" /><testcase classname="backend.tests.test_iteration47.TestSettingsAPI" name="test_settings_store_voice_model" time="0.149" /><testcase classname="backend.tests.test_iteration47.TestSettingsAPI" name="test_settings_retrieve_voice_model" time="0.372" /><testcase classname="backend.tests.test_iteration47.TestTTSAPI" name="test_tts_generate_emma" time="16.864" /><testcase classname="backend.tests.test_iteration47.TestPWAManifest" name="test_manifest_accessible" time="0.227" /><testcase classname="backend.tests.test_iteration47.TestPWAManifest" name="test_manifest_has_four_icons" time="0.165" /><testcase classname="backend.tests.test_iteration47.TestPWAManifest" name="test_manifest_has_two_screenshots" time="0.149" /><testcase classname="backend.tests.test_iteration47.TestPWAIcons" name="test_icon_192_accessible" time="0.162" /><testcase classname="backend.tests.test_iteration47.TestPWAIcons" name="test_icon_512_accessible" time="0.216" /></testsuite></testsuites>