<?xml version="1.0" encoding="utf-8"?><testsuites name="pytest tests"><testsuite name="pytest" errors="0" failures="0" skipped="0" tests="20" time="12.022" timestamp="2026-02-24T15:58:55.495646+00:00" hostname="agent-env-f3e1f65b-c43a-4bb3-aba0-12250e051838"><testcase classname="backend.tests.test_iteration_19.TestHealthAndBasicAPIs" name="test_health_endpoint" time="0.267" /><testcase classname="backend.tests.test_iteration_19.TestHealthAndBasicAPIs" name="test_news_endpoint" time="0.797" /><testcase classname="backend.tests.test_iteration_19.TestHealthAndBasicAPIs" name="test_categories_endpoint" time="0.172" /><testcase classname="backend.tests.test_iteration_19.TestSearchAPI" name="test_search_with_query" time="0.633" /><testcase classname="backend.tests.test_iteration_19.TestSearchAPI" name="test_search_with_category_filter" time="0.678" /><testcase classname="backend.tests.test_iteration_19.TestSearchAPI" name="test_search_empty_query" time="0.655" /><testcase classname="backend.tests.test_iteration_19.TestSearchAPI" name="test_search_pagination" time="0.676" /><testcase classname="backend.tests.test_iteration_19.TestTrendingAPI" name="test_trending_endpoint" time="0.643" /><testcase classname="backend.tests.test_iteration_19.TestTrendingAPI" name="test_trending_tags_format" time="0.617" /><testcase classname="backend.tests.test_iteration_19.TestBriefingAPI" name="test_briefing_history" time="0.149" /><testcase classname="backend.tests.test_iteration_19.TestBriefingAPI" name="test_briefing_latest" time="0.177" /><testcase classname="backend.tests.test_iteration_19.TestBriefingAPI" name="test_briefing_by_date_invalid" time="0.127" /><testcase classname="backend.tests.test_iteration_19.TestVoicesAPI" name="test_voices_endpoint" time="0.129" /><testcase classname="backend.tests.test_iteration_19.TestBookmarksAPI" name="test_get_bookmarks_guest" time="0.106" /><testcase classname="backend.tests.test_iteration_19.TestBookmarksAPI" name="test_add_bookmark" time="0.162" /><testcase classname="backend.tests.test_iteration_19.TestBookmarksAPI" name="test_delete_bookmark" time="0.321" /><testcase classname="backend.tests.test_iteration_19.TestTTSAPI" name="test_tts_generate" time="2.860" /><testcase classname="backend.tests.test_iteration_19.TestOGImageAPI" name="test_og_image_endpoint" time="1.372" /><testcase classname="backend.tests.test_iteration_19.TestOGImageAPI" name="test_og_image_invalid_id" time="0.623" /><testcase classname="backend.tests.test_iteration_19.TestFactCheckAPI" name="test_factcheck_story" time="0.773" /></testsuite></testsuites>