<?xml version="1.0" encoding="utf-8"?><testsuites name="pytest tests"><testsuite name="pytest" errors="0" failures="1" skipped="0" tests="12" time="10.114" timestamp="2026-02-24T13:48:35.981879+00:00" hostname="agent-env-d783926e-4474-43ba-a205-7cf910b0c4f1"><testcase classname="backend.tests.test_i18n_settings_v16.TestSettingsAPI" name="test_get_default_settings_for_guest" time="0.205" /><testcase classname="backend.tests.test_i18n_settings_v16.TestSettingsAPI" name="test_save_system_settings" time="0.232" /><testcase classname="backend.tests.test_i18n_settings_v16.TestSettingsAPI" name="test_save_accessibility_settings" time="0.307" /><testcase classname="backend.tests.test_i18n_settings_v16.TestSettingsAPI" name="test_settings_merge_behavior" time="0.425"><failure message="AssertionError: high_contrast should persist after merge&#10;assert False == True&#10; +  where False = &lt;built-in method get of dict object at 0xfd64001f6f80&gt;('high_contrast')&#10; +    where &lt;built-in method get of dict object at 0xfd64001f6f80&gt; = {'alert_volume': 70, 'bandwidth_priority': 'streaming', 'data_limit': 2.5, 'display_density': 'expanded', ...}.get">backend/tests/test_i18n_settings_v16.py:102: in test_settings_merge_behavior
    assert merged.get("high_contrast") == True, "high_contrast should persist after merge"
E   AssertionError: high_contrast should persist after merge
E   assert False == True
E    +  where False = &lt;built-in method get of dict object at 0xfd64001f6f80&gt;('high_contrast')
E    +    where &lt;built-in method get of dict object at 0xfd64001f6f80&gt; = {'alert_volume': 70, 'bandwidth_priority': 'streaming', 'data_limit': 2.5, 'display_density': 'expanded', ...}.get</failure></testcase><testcase classname="backend.tests.test_i18n_settings_v16.TestNewsDetailAPI" name="test_get_news_list" time="0.844" /><testcase classname="backend.tests.test_i18n_settings_v16.TestNewsDetailAPI" name="test_get_news_detail_with_narrative" time="5.738" /><testcase classname="backend.tests.test_i18n_settings_v16.TestNewsDetailAPI" name="test_factcheck_api_for_truthtag" time="1.041" /><testcase classname="backend.tests.test_i18n_settings_v16.TestRadioAPI" name="test_get_radio_countries" time="0.097" /><testcase classname="backend.tests.test_i18n_settings_v16.TestRadioAPI" name="test_get_radio_stations_by_country" time="0.628" /><testcase classname="backend.tests.test_i18n_settings_v16.TestVoicesAPI" name="test_get_voices" time="0.168" /><testcase classname="backend.tests.test_i18n_settings_v16.TestVoicesAPI" name="test_save_voice_settings" time="0.211" /><testcase classname="backend.tests.test_i18n_settings_v16.TestHealthAPI" name="test_health_endpoint" time="0.105" /></testsuite></testsuites>