<?xml version="1.0" encoding="utf-8"?><testsuites name="pytest tests"><testsuite name="pytest" errors="0" failures="0" skipped="0" tests="15" time="19.981" timestamp="2026-02-23T20:36:47.855949+00:00" hostname="agent-env-6a5ec781-00aa-4c77-8168-d4eb6f1b3a63"><testcase classname="tests.test_narvo_api_v2.TestHealthEndpoint" name="test_health_status" time="0.328" /><testcase classname="tests.test_narvo_api_v2.TestNewsEndpoints" name="test_get_news_list" time="1.007" /><testcase classname="tests.test_narvo_api_v2.TestNewsEndpoints" name="test_get_news_with_region_filter" time="0.985" /><testcase classname="tests.test_narvo_api_v2.TestNewsEndpoints" name="test_get_news_detail" time="10.327" /><testcase classname="tests.test_narvo_api_v2.TestNewsEndpoints" name="test_get_news_detail_not_found" time="3.875" /><testcase classname="tests.test_narvo_api_v2.TestVoicesEndpoint" name="test_get_voices" time="0.143" /><testcase classname="tests.test_narvo_api_v2.TestRegionsEndpoint" name="test_get_regions" time="0.207" /><testcase classname="tests.test_narvo_api_v2.TestCategoriesEndpoint" name="test_get_categories" time="0.183" /><testcase classname="tests.test_narvo_api_v2.TestTrendingEndpoint" name="test_get_trending" time="0.132" /><testcase classname="tests.test_narvo_api_v2.TestMetricsEndpoint" name="test_get_metrics" time="0.110" /><testcase classname="tests.test_narvo_api_v2.TestBookmarkEndpoints" name="test_create_bookmark" time="0.301" /><testcase classname="tests.test_narvo_api_v2.TestBookmarkEndpoints" name="test_get_bookmarks_for_user" time="0.503" /><testcase classname="tests.test_narvo_api_v2.TestBookmarkEndpoints" name="test_get_bookmarks_empty_user" time="0.308" /><testcase classname="tests.test_narvo_api_v2.TestBookmarkEndpoints" name="test_delete_bookmark" time="0.711" /><testcase classname="tests.test_narvo_api_v2.TestBookmarkEndpoints" name="test_bookmark_replaces_existing" time="0.780" /></testsuite></testsuites>