<?xml version="1.0" encoding="utf-8"?><testsuites name="pytest tests"><testsuite name="pytest" errors="0" failures="1" skipped="0" tests="13" time="7.060" timestamp="2026-02-25T15:39:37.163393+00:00" hostname="agent-env-11771840-5756-4d51-b278-26cf9c9736bb"><testcase classname="tests.test_iteration_38.TestSearchAggregatorIntegration" name="test_health_check" time="0.322" /><testcase classname="tests.test_iteration_38.TestSearchAggregatorIntegration" name="test_search_without_filter" time="1.384" /><testcase classname="tests.test_iteration_38.TestSearchAggregatorIntegration" name="test_search_filter_rss_only" time="0.821" /><testcase classname="tests.test_iteration_38.TestSearchAggregatorIntegration" name="test_search_filter_aggregator_only" time="0.763" /><testcase classname="tests.test_iteration_38.TestSearchAggregatorIntegration" name="test_search_filter_podcast_only" time="0.728" /><testcase classname="tests.test_iteration_38.TestSearchAggregatorIntegration" name="test_search_results_have_required_fields" time="0.670" /><testcase classname="tests.test_iteration_38.TestNewsEndpointWithAggregators" name="test_news_includes_aggregators" time="0.683" /><testcase classname="tests.test_iteration_38.TestNewsEndpointWithAggregators" name="test_news_basic_fields" time="0.727" /><testcase classname="tests.test_iteration_38.TestBriefingEndpoint" name="test_briefing_latest" time="0.263" /><testcase classname="tests.test_iteration_38.TestBriefingEndpoint" name="test_briefing_history" time="0.193" /><testcase classname="tests.test_iteration_38.TestVoicesEndpoint" name="test_get_voices" time="0.129" /><testcase classname="tests.test_iteration_38.TestMetricsEndpoint" name="test_metrics_aggregators" time="0.121"><failure message="AttributeError: 'str' object has no attribute 'get'">tests/test_iteration_38.py:171: in test_metrics_aggregators
    configured = status.get('configured', False)
                 ^^^^^^^^^^
E   AttributeError: 'str' object has no attribute 'get'</failure></testcase><testcase classname="tests.test_iteration_38.TestToolsPageRoute" name="test_api_health" time="0.173" /></testsuite></testsuites>