<?xml version="1.0" encoding="utf-8"?><testsuites name="pytest tests"><testsuite name="pytest" errors="0" failures="0" skipped="0" tests="16" time="5.410" timestamp="2026-02-24T21:19:22.753920+00:00" hostname="agent-env-e739e447-572d-4770-9e8a-362d26b7d9bc"><testcase classname="backend.tests.test_iteration_25.TestHealthAndBasicEndpoints" name="test_health_endpoint" time="0.940" /><testcase classname="backend.tests.test_iteration_25.TestModularRoutes" name="test_podcasts_endpoint" time="0.200" /><testcase classname="backend.tests.test_iteration_25.TestModularRoutes" name="test_discover_trending_endpoint" time="0.154" /><testcase classname="backend.tests.test_iteration_25.TestModularRoutes" name="test_radio_countries_endpoint" time="0.374" /><testcase classname="backend.tests.test_iteration_25.TestModularRoutes" name="test_offline_stats_endpoint" time="0.418" /><testcase classname="backend.tests.test_iteration_25.TestModularRoutes" name="test_admin_metrics_endpoint" time="0.175" /><testcase classname="backend.tests.test_iteration_25.TestModularRoutes" name="test_voices_endpoint" time="0.290" /><testcase classname="backend.tests.test_iteration_25.TestOfflineAPI" name="test_save_article_offline" time="0.145" /><testcase classname="backend.tests.test_iteration_25.TestOfflineAPI" name="test_get_offline_articles" time="0.157" /><testcase classname="backend.tests.test_iteration_25.TestOfflineAPI" name="test_delete_offline_article" time="0.136" /><testcase classname="backend.tests.test_iteration_25.TestOfflineAPI" name="test_verify_article_deleted" time="0.190" /><testcase classname="backend.tests.test_iteration_25.TestNewsAPI" name="test_news_endpoint" time="0.882" /><testcase classname="backend.tests.test_iteration_25.TestNewsAPI" name="test_breaking_news_endpoint" time="0.836" /><testcase classname="backend.tests.test_iteration_25.TestAdminRoutes" name="test_admin_alerts" time="0.145" /><testcase classname="backend.tests.test_iteration_25.TestAdminRoutes" name="test_admin_streams" time="0.157" /><testcase classname="backend.tests.test_iteration_25.TestAdminRoutes" name="test_admin_voices" time="0.126" /></testsuite></testsuites>