<?xml version="1.0" encoding="utf-8"?><testsuites name="pytest tests"><testsuite name="pytest" errors="0" failures="0" skipped="0" tests="18" time="12.633" timestamp="2026-02-23T21:07:01.710294+00:00" hostname="agent-env-6a5ec781-00aa-4c77-8168-d4eb6f1b3a63"><testcase classname="backend.tests.test_persistence_v7.TestHealthEndpoints" name="test_health_endpoint" time="0.216" /><testcase classname="backend.tests.test_persistence_v7.TestHealthEndpoints" name="test_news_endpoint" time="0.864" /><testcase classname="backend.tests.test_persistence_v7.TestHealthEndpoints" name="test_voices_endpoint" time="0.163" /><testcase classname="backend.tests.test_persistence_v7.TestBookmarksPersistence" name="test_bookmarks_empty_for_new_user" time="0.127" /><testcase classname="backend.tests.test_persistence_v7.TestBookmarksPersistence" name="test_create_bookmark" time="0.144" /><testcase classname="backend.tests.test_persistence_v7.TestBookmarksPersistence" name="test_get_bookmarks_returns_created" time="0.366" /><testcase classname="backend.tests.test_persistence_v7.TestBookmarksPersistence" name="test_delete_bookmark" time="0.667" /><testcase classname="backend.tests.test_persistence_v7.TestBookmarksPersistence" name="test_bookmark_upsert_behavior" time="0.425" /><testcase classname="backend.tests.test_persistence_v7.TestUserPreferencesPersistence" name="test_preferences_default_for_unknown_user" time="0.163" /><testcase classname="backend.tests.test_persistence_v7.TestUserPreferencesPersistence" name="test_save_preferences" time="0.129" /><testcase classname="backend.tests.test_persistence_v7.TestUserPreferencesPersistence" name="test_get_saved_preferences" time="0.319" /><testcase classname="backend.tests.test_persistence_v7.TestUserPreferencesPersistence" name="test_preferences_update" time="0.463" /><testcase classname="backend.tests.test_persistence_v7.TestAdditionalAPIs" name="test_regions_endpoint" time="0.306" /><testcase classname="backend.tests.test_persistence_v7.TestAdditionalAPIs" name="test_categories_endpoint" time="0.133" /><testcase classname="backend.tests.test_persistence_v7.TestAdditionalAPIs" name="test_trending_endpoint" time="0.132" /><testcase classname="backend.tests.test_persistence_v7.TestAdditionalAPIs" name="test_metrics_endpoint" time="0.137" /><testcase classname="backend.tests.test_persistence_v7.TestNewsDetail" name="test_news_detail_404_for_invalid_id" time="1.051" /><testcase classname="backend.tests.test_persistence_v7.TestNewsDetail" name="test_news_detail_for_valid_id" time="6.738" /></testsuite></testsuites>