<?xml version="1.0" encoding="utf-8"?><testsuites name="pytest tests"><testsuite name="pytest" errors="0" failures="0" skipped="0" tests="17" time="33.596" timestamp="2026-02-26T00:09:16.343735+00:00" hostname="agent-env-47455c14-68c5-44a0-972d-03e7b36a7972"><testcase classname="backend.tests.test_iteration49.TestHealthAndBasics" name="test_health_endpoint" time="0.273" /><testcase classname="backend.tests.test_iteration49.TestCachedEndpoints" name="test_voices_endpoint_returns_data" time="0.161" /><testcase classname="backend.tests.test_iteration49.TestCachedEndpoints" name="test_voices_cache_performance" time="0.335" /><testcase classname="backend.tests.test_iteration49.TestCachedEndpoints" name="test_categories_endpoint_returns_data" time="0.159" /><testcase classname="backend.tests.test_iteration49.TestCachedEndpoints" name="test_sound_themes_endpoint_returns_data" time="0.159" /><testcase classname="backend.tests.test_iteration49.TestNewsEndpoints" name="test_news_returns_articles" time="0.902" /><testcase classname="backend.tests.test_iteration49.TestNewsEndpoints" name="test_news_with_aggregators" time="0.892" /><testcase classname="backend.tests.test_iteration49.TestSettingsWithMongoIndex" name="test_guest_settings_post_and_get" time="0.265" /><testcase classname="backend.tests.test_iteration49.TestSettingsWithMongoIndex" name="test_settings_partial_update_preserves_other_fields" time="0.432" /><testcase classname="backend.tests.test_iteration49.TestTTSWithCache" name="test_tts_generate_returns_audio_url" time="19.053" /><testcase classname="backend.tests.test_iteration49.TestTTSWithCache" name="test_tts_cache_hit_performance" time="9.894" /><testcase classname="backend.tests.test_iteration49.TestRegionsAndMetrics" name="test_regions_endpoint" time="0.131" /><testcase classname="backend.tests.test_iteration49.TestRegionsAndMetrics" name="test_metrics_endpoint" time="0.200" /><testcase classname="backend.tests.test_iteration49.TestPWAAssets" name="test_service_worker_accessible" time="0.135" /><testcase classname="backend.tests.test_iteration49.TestPWAAssets" name="test_manifest_accessible" time="0.272" /><testcase classname="backend.tests.test_iteration49.TestSourcesHealth" name="test_sources_health_endpoint" time="0.123" /><testcase classname="backend.tests.test_iteration49.TestSourcesHealth" name="test_aggregators_status" time="0.119" /></testsuite></testsuites>