<?xml version="1.0" encoding="utf-8"?><testsuites name="pytest tests"><testsuite name="pytest" errors="0" failures="0" skipped="0" tests="12" time="7.010" timestamp="2026-02-24T20:43:05.612716+00:00" hostname="agent-env-e739e447-572d-4770-9e8a-362d26b7d9bc"><testcase classname="backend.tests.test_iteration_24.TestHealthAndBasics" name="test_health_endpoint" time="0.280" /><testcase classname="backend.tests.test_iteration_24.TestDiscoverPodcasts" name="test_get_podcasts_latest" time="0.204" /><testcase classname="backend.tests.test_iteration_24.TestDiscoverPodcasts" name="test_get_podcasts_popular" time="0.123" /><testcase classname="backend.tests.test_iteration_24.TestDiscoverPodcasts" name="test_podcasts_have_required_fields" time="0.111" /><testcase classname="backend.tests.test_iteration_24.TestDiscoverTrending" name="test_get_trending_topics" time="0.732" /><testcase classname="backend.tests.test_iteration_24.TestRadioStations" name="test_get_radio_countries" time="0.207" /><testcase classname="backend.tests.test_iteration_24.TestRadioStations" name="test_get_radio_stations_by_country" time="0.644" /><testcase classname="backend.tests.test_iteration_24.TestOfflineArticles" name="test_save_offline_article" time="0.752" /><testcase classname="backend.tests.test_iteration_24.TestOfflineArticles" name="test_get_offline_articles" time="0.864" /><testcase classname="backend.tests.test_iteration_24.TestOfflineArticles" name="test_delete_offline_article" time="1.120" /><testcase classname="backend.tests.test_iteration_24.TestOfflineArticles" name="test_get_offline_stats" time="0.950" /><testcase classname="backend.tests.test_iteration_24.TestNewsEndpoints" name="test_get_news" time="0.939" /></testsuite></testsuites>