<?xml version="1.0" encoding="utf-8"?><testsuites name="pytest tests"><testsuite name="pytest" errors="0" failures="0" skipped="0" tests="11" time="11.041" timestamp="2026-02-26T20:18:07.487920+00:00" hostname="agent-env-e36cb6bc-5508-45e1-8017-3da575fd9564"><testcase classname="backend.tests.test_iteration50_recommendations.TestRecommendationEndpoint" name="test_recommendations_guest_endpoint_exists" time="1.083" /><testcase classname="backend.tests.test_iteration50_recommendations.TestRecommendationEndpoint" name="test_recommendations_returns_array" time="0.895" /><testcase classname="backend.tests.test_iteration50_recommendations.TestRecommendationEndpoint" name="test_recommendations_strategy_types" time="0.729" /><testcase classname="backend.tests.test_iteration50_recommendations.TestRecommendationEndpoint" name="test_recommendation_article_structure" time="0.907" /><testcase classname="backend.tests.test_iteration50_recommendations.TestListeningHistoryIntegration" name="test_add_listening_history_entry" time="0.162" /><testcase classname="backend.tests.test_iteration50_recommendations.TestListeningHistoryIntegration" name="test_get_listening_history" time="0.190" /><testcase classname="backend.tests.test_iteration50_recommendations.TestListeningHistoryIntegration" name="test_recommendations_with_history" time="3.258" /><testcase classname="backend.tests.test_iteration50_recommendations.TestRecommendationProfileSummary" name="test_profile_summary_structure_when_present" time="1.284" /><testcase classname="backend.tests.test_iteration50_recommendations.TestRecommendationScoring" name="test_recommendations_have_scores" time="1.434" /><testcase classname="backend.tests.test_iteration50_recommendations.TestHealthAndNews" name="test_health_endpoint" time="0.165" /><testcase classname="backend.tests.test_iteration50_recommendations.TestHealthAndNews" name="test_news_endpoint" time="0.872" /></testsuite></testsuites>