<?xml version="1.0" encoding="utf-8"?><testsuites name="pytest tests"><testsuite name="pytest" errors="0" failures="0" skipped="0" tests="17" time="5.153" timestamp="2026-02-24T13:19:50.891895+00:00" hostname="agent-env-18a17ee4-55f0-412d-bcd3-850b77ba8046"><testcase classname="backend.tests.test_emptystate_truthtag_share.TestSettingsAPI" name="test_get_default_settings" time="0.233" /><testcase classname="backend.tests.test_emptystate_truthtag_share.TestSettingsAPI" name="test_save_user_settings" time="0.235" /><testcase classname="backend.tests.test_emptystate_truthtag_share.TestVoiceSettingsAPI" name="test_get_voice_settings" time="0.120" /><testcase classname="backend.tests.test_emptystate_truthtag_share.TestVoiceSettingsAPI" name="test_save_voice_settings" time="0.257" /><testcase classname="backend.tests.test_emptystate_truthtag_share.TestVoiceSettingsAPI" name="test_voice_settings_persistence" time="0.280" /><testcase classname="backend.tests.test_emptystate_truthtag_share.TestFactCheckAPI" name="test_factcheck_story" time="0.122" /><testcase classname="backend.tests.test_emptystate_truthtag_share.TestFactCheckAPI" name="test_factcheck_different_stories" time="0.613" /><testcase classname="backend.tests.test_emptystate_truthtag_share.TestFactCheckAPI" name="test_factcheck_analyze_verified" time="0.102" /><testcase classname="backend.tests.test_emptystate_truthtag_share.TestFactCheckAPI" name="test_factcheck_analyze_disputed" time="0.105" /><testcase classname="backend.tests.test_emptystate_truthtag_share.TestFactCheckAPI" name="test_factcheck_analyze_neutral" time="0.128" /><testcase classname="backend.tests.test_emptystate_truthtag_share.TestVoicesAPI" name="test_get_voices" time="0.128" /><testcase classname="backend.tests.test_emptystate_truthtag_share.TestVoicesAPI" name="test_voice_ids_valid" time="0.102" /><testcase classname="backend.tests.test_emptystate_truthtag_share.TestNewsAPI" name="test_get_news_list" time="0.885" /><testcase classname="backend.tests.test_emptystate_truthtag_share.TestNewsAPI" name="test_news_has_id_for_truthtag" time="1.037" /><testcase classname="backend.tests.test_emptystate_truthtag_share.TestBookmarksAPI" name="test_get_empty_bookmarks" time="0.121" /><testcase classname="backend.tests.test_emptystate_truthtag_share.TestBookmarksAPI" name="test_add_and_get_bookmark" time="0.257" /><testcase classname="backend.tests.test_emptystate_truthtag_share.TestBookmarksAPI" name="test_remove_bookmark" time="0.356" /></testsuite></testsuites>