<?xml version="1.0" encoding="utf-8"?><testsuites name="pytest tests"><testsuite name="pytest" errors="0" failures="0" skipped="0" tests="13" time="8.804" timestamp="2026-02-25T15:39:55.212300+00:00" hostname="agent-env-11771840-5756-4d51-b278-26cf9c9736bb"><testcase classname="tests.test_iteration_38.TestSearchAggregatorIntegration" name="test_health_check" time="0.148" /><testcase classname="tests.test_iteration_38.TestSearchAggregatorIntegration" name="test_search_without_filter" time="0.625" /><testcase classname="tests.test_iteration_38.TestSearchAggregatorIntegration" name="test_search_filter_rss_only" time="0.674" /><testcase classname="tests.test_iteration_38.TestSearchAggregatorIntegration" name="test_search_filter_aggregator_only" time="2.871" /><testcase classname="tests.test_iteration_38.TestSearchAggregatorIntegration" name="test_search_filter_podcast_only" time="0.741" /><testcase classname="tests.test_iteration_38.TestSearchAggregatorIntegration" name="test_search_results_have_required_fields" time="0.693" /><testcase classname="tests.test_iteration_38.TestNewsEndpointWithAggregators" name="test_news_includes_aggregators" time="0.867" /><testcase classname="tests.test_iteration_38.TestNewsEndpointWithAggregators" name="test_news_basic_fields" time="0.672" /><testcase classname="tests.test_iteration_38.TestBriefingEndpoint" name="test_briefing_latest" time="0.288" /><testcase classname="tests.test_iteration_38.TestBriefingEndpoint" name="test_briefing_history" time="0.274" /><testcase classname="tests.test_iteration_38.TestVoicesEndpoint" name="test_get_voices" time="0.143" /><testcase classname="tests.test_iteration_38.TestMetricsEndpoint" name="test_metrics_aggregators" time="0.600" /><testcase classname="tests.test_iteration_38.TestToolsPageRoute" name="test_api_health" time="0.141" /></testsuite></testsuites>