<?xml version="1.0" encoding="utf-8"?><testsuites name="pytest tests"><testsuite name="pytest" errors="0" failures="0" skipped="0" tests="10" time="16.358" timestamp="2026-02-25T23:25:14.370897+00:00" hostname="agent-env-47455c14-68c5-44a0-972d-03e7b36a7972"><testcase classname="backend.tests.test_iteration47.TestPodcastAPI" name="test_podcasts_returns_episodes" time="14.732" /><testcase classname="backend.tests.test_iteration47.TestPodcastAPI" name="test_podcasts_category_filter" time="0.243" /><testcase classname="backend.tests.test_iteration47.TestSettingsAPI" name="test_settings_store_voice_model" time="0.131" /><testcase classname="backend.tests.test_iteration47.TestSettingsAPI" name="test_settings_retrieve_voice_model" time="0.322" /><testcase classname="backend.tests.test_iteration47.TestTTSAPI" name="test_tts_generate_emma" time="0.119" /><testcase classname="backend.tests.test_iteration47.TestPWAManifest" name="test_manifest_accessible" time="0.121" /><testcase classname="backend.tests.test_iteration47.TestPWAManifest" name="test_manifest_has_four_icons" time="0.137" /><testcase classname="backend.tests.test_iteration47.TestPWAManifest" name="test_manifest_has_two_screenshots" time="0.152" /><testcase classname="backend.tests.test_iteration47.TestPWAIcons" name="test_icon_192_accessible" time="0.122" /><testcase classname="backend.tests.test_iteration47.TestPWAIcons" name="test_icon_512_accessible" time="0.219" /></testsuite></testsuites>