<?xml version="1.0" encoding="utf-8"?><testsuites name="pytest tests"><testsuite name="pytest" errors="0" failures="0" skipped="0" tests="19" time="8.177" timestamp="2026-02-25T01:03:18.042919+00:00" hostname="agent-env-c428e85f-7091-4ee1-bac2-f5475bdb97f9"><testcase classname="tests.test_services.TestContentSources" name="test_sources_returns_total" time="1.605" /><testcase classname="tests.test_services.TestContentSources" name="test_sources_has_regions" time="0.135" /><testcase classname="tests.test_services.TestContentSources" name="test_sources_has_categories" time="0.172" /><testcase classname="tests.test_services.TestContentSources" name="test_sources_lists_individual" time="0.147" /><testcase classname="tests.test_services.TestContentSources" name="test_sources_no_dubawa" time="0.170" /><testcase classname="tests.test_services.TestContentSources" name="test_sources_has_aggregators" time="0.213" /><testcase classname="tests.test_services.TestNewsEndpoint" name="test_news_returns_list" time="0.857" /><testcase classname="tests.test_services.TestNewsEndpoint" name="test_news_search" time="0.842" /><testcase classname="tests.test_services.TestSettings" name="test_save_settings" time="0.199" /><testcase classname="tests.test_services.TestSettings" name="test_fetch_settings_reflects_save" time="0.177" /><testcase classname="tests.test_services.TestSettings" name="test_settings_merge_preserves_fields" time="0.231" /><testcase classname="tests.test_services.TestSettings" name="test_default_settings_for_unknown_user" time="0.321" /><testcase classname="tests.test_services.TestTranslation" name="test_languages_list" time="0.145" /><testcase classname="tests.test_services.TestTranslation" name="test_quick_translate" time="0.777" /><testcase classname="tests.test_services.TestFactCheck" name="test_factcheck_search" time="0.778" /><testcase classname="tests.test_services.TestFactCheck" name="test_factcheck_verify" time="0.866" /><testcase classname="tests.test_services.TestMetrics" name="test_metrics_includes_total_sources" time="0.103" /><testcase classname="tests.test_services.TestMetrics" name="test_metrics_includes_local_and_international" time="0.126" /><testcase classname="tests.test_services.TestHealth" name="test_health_endpoint" time="0.136" /></testsuite></testsuites>