<?xml version="1.0" encoding="utf-8"?><testsuites name="pytest tests"><testsuite name="pytest" errors="0" failures="0" skipped="0" tests="11" time="34.334" timestamp="2026-02-25T23:48:58.102726+00:00" hostname="agent-env-47455c14-68c5-44a0-972d-03e7b36a7972"><testcase classname="tests.test_iteration48.TestVoiceConsistency" name="test_01_set_voice_model_idera" time="0.290" /><testcase classname="tests.test_iteration48.TestVoiceConsistency" name="test_02_verify_voice_model_persisted" time="0.200" /><testcase classname="tests.test_iteration48.TestVoiceConsistency" name="test_03_interface_language_should_not_overwrite_voice" time="0.378" /><testcase classname="tests.test_iteration48.TestTTSGeneration" name="test_tts_generate_idera" time="18.714" /><testcase classname="tests.test_iteration48.TestTTSGeneration" name="test_tts_generate_emma" time="5.240" /><testcase classname="tests.test_iteration48.TestVoicesEndpoint" name="test_voices_returns_yarngpt_voices" time="0.199" /><testcase classname="tests.test_iteration48.TestVoicesEndpoint" name="test_voice_has_required_fields" time="0.120" /><testcase classname="tests.test_iteration48.TestNewsEndpoints" name="test_news_feed_returns_articles" time="1.376" /><testcase classname="tests.test_iteration48.TestNewsEndpoints" name="test_news_detail_with_narrative" time="7.431" /><testcase classname="tests.test_iteration48.TestHealthAndMetrics" name="test_health_endpoint" time="0.169" /><testcase classname="tests.test_iteration48.TestHealthAndMetrics" name="test_metrics_endpoint" time="0.137" /></testsuite></testsuites>