<?xml version="1.0" encoding="utf-8"?><testsuites name="pytest tests"><testsuite name="pytest" errors="0" failures="0" skipped="0" tests="25" time="7.080" timestamp="2026-02-25T01:21:16.544730+00:00" hostname="agent-env-c428e85f-7091-4ee1-bac2-f5475bdb97f9"><testcase classname="backend.tests.test_voice_mapping_v31.TestVoiceGenderMapping" name="test_translate_languages_endpoint_returns_200" time="0.165" /><testcase classname="backend.tests.test_voice_mapping_v31.TestVoiceGenderMapping" name="test_translate_languages_returns_list" time="0.125" /><testcase classname="backend.tests.test_voice_mapping_v31.TestVoiceGenderMapping" name="test_translate_languages_has_gender_field" time="0.124" /><testcase classname="backend.tests.test_voice_mapping_v31.TestVoiceGenderMapping" name="test_english_voice_is_onyx_male" time="0.131" /><testcase classname="backend.tests.test_voice_mapping_v31.TestVoiceGenderMapping" name="test_pidgin_voice_is_echo_male" time="0.264" /><testcase classname="backend.tests.test_voice_mapping_v31.TestVoiceGenderMapping" name="test_yoruba_voice_is_nova_female" time="0.121" /><testcase classname="backend.tests.test_voice_mapping_v31.TestVoiceGenderMapping" name="test_hausa_voice_is_shimmer_female" time="0.110" /><testcase classname="backend.tests.test_voice_mapping_v31.TestVoiceGenderMapping" name="test_igbo_voice_is_alloy_female" time="0.248" /><testcase classname="backend.tests.test_voice_mapping_v31.TestVoiceGenderMapping" name="test_all_voice_mappings_complete" time="0.233" /><testcase classname="backend.tests.test_voice_mapping_v31.TestVoicesEndpoint" name="test_voices_endpoint_returns_200" time="0.118" /><testcase classname="backend.tests.test_voice_mapping_v31.TestVoicesEndpoint" name="test_voices_returns_list" time="0.156" /><testcase classname="backend.tests.test_voice_mapping_v31.TestVoicesEndpoint" name="test_voices_have_gender_field" time="0.109" /><testcase classname="backend.tests.test_voice_mapping_v31.TestVoicesEndpoint" name="test_voices_have_nigerian_names" time="0.112" /><testcase classname="backend.tests.test_voice_mapping_v31.TestVoicesEndpoint" name="test_onyx_voice_is_male" time="0.117" /><testcase classname="backend.tests.test_voice_mapping_v31.TestVoicesEndpoint" name="test_echo_voice_is_male" time="0.213" /><testcase classname="backend.tests.test_voice_mapping_v31.TestVoicesEndpoint" name="test_female_voices" time="0.167" /><testcase classname="backend.tests.test_voice_mapping_v31.TestHealthCheckPeriodic" name="test_sources_health_returns_200" time="0.223" /><testcase classname="backend.tests.test_voice_mapping_v31.TestHealthCheckPeriodic" name="test_sources_health_has_sources_array" time="0.159" /><testcase classname="backend.tests.test_voice_mapping_v31.TestHealthCheckPeriodic" name="test_sources_health_has_last_checked" time="0.123" /><testcase classname="backend.tests.test_voice_mapping_v31.TestHealthCheckPeriodic" name="test_sources_health_summary_counts" time="0.126" /><testcase classname="backend.tests.test_voice_mapping_v31.TestHealthCheckPeriodic" name="test_sources_health_refresh_still_works" time="0.111" /><testcase classname="backend.tests.test_voice_mapping_v31.TestHealthCheckPeriodic" name="test_health_data_non_null_after_refresh" time="3.272" /><testcase classname="backend.tests.test_voice_mapping_v31.TestRegressionPreviousFeatures" name="test_api_sources_returns_39_feeds" time="0.164" /><testcase classname="backend.tests.test_voice_mapping_v31.TestRegressionPreviousFeatures" name="test_api_sources_3_regions" time="0.154" /><testcase classname="backend.tests.test_voice_mapping_v31.TestRegressionPreviousFeatures" name="test_api_health_status" time="0.158" /></testsuite></testsuites>