<?xml version="1.0" encoding="utf-8"?><testsuites name="pytest tests"><testsuite name="pytest" errors="0" failures="0" skipped="0" tests="14" time="10.750" timestamp="2026-02-24T16:38:03.375597+00:00" hostname="agent-env-f3e1f65b-c43a-4bb3-aba0-12250e051838"><testcase classname="backend.tests.test_iteration_20.TestHealthAndBasicAPIs" name="test_health_endpoint" time="0.365" /><testcase classname="backend.tests.test_iteration_20.TestHealthAndBasicAPIs" name="test_news_endpoint" time="0.886" /><testcase classname="backend.tests.test_iteration_20.TestShareURLOGTags" name="test_share_endpoint_with_crawler_user_agent" time="1.649" /><testcase classname="backend.tests.test_iteration_20.TestShareURLOGTags" name="test_share_endpoint_with_regular_browser" time="1.612" /><testcase classname="backend.tests.test_iteration_20.TestShareURLOGTags" name="test_share_endpoint_invalid_id" time="0.823" /><testcase classname="backend.tests.test_iteration_20.TestBriefingAPI" name="test_briefing_latest" time="0.340" /><testcase classname="backend.tests.test_iteration_20.TestBriefingAPI" name="test_briefing_history" time="0.153" /><testcase classname="backend.tests.test_iteration_20.TestBriefingAPI" name="test_voices_endpoint" time="0.150" /><testcase classname="backend.tests.test_iteration_20.TestSearchAPI" name="test_search_endpoint" time="0.885" /><testcase classname="backend.tests.test_iteration_20.TestSearchAPI" name="test_trending_endpoint" time="0.780" /><testcase classname="backend.tests.test_iteration_20.TestBookmarksAPI" name="test_get_bookmarks" time="0.161" /><testcase classname="backend.tests.test_iteration_20.TestBookmarksAPI" name="test_add_and_remove_bookmark" time="0.756" /><testcase classname="backend.tests.test_iteration_20.TestOGImageEndpoint" name="test_og_image_endpoint" time="1.451" /><testcase classname="backend.tests.test_iteration_20.TestOGImageEndpoint" name="test_og_image_invalid_id" time="0.665" /></testsuite></testsuites>