<?xml version="1.0" encoding="utf-8"?><testsuites name="pytest tests"><testsuite name="pytest" errors="0" failures="0" skipped="0" tests="10" time="3.295" timestamp="2026-02-25T21:35:45.037731+00:00" hostname="agent-env-8f633437-2a69-45a9-8cc5-0500626eaa6e"><testcase classname="tests.test_services_v2.TestMetricsEndpoint" name="test_metrics_returns_real_data" time="0.212" /><testcase classname="tests.test_services_v2.TestMetricsEndpoint" name="test_system_alerts" time="0.131" /><testcase classname="tests.test_services_v2.TestFactcheckEndpoint" name="test_factcheck_returns_real_status" time="0.240" /><testcase classname="tests.test_services_v2.TestFactcheckEndpoint" name="test_factcheck_different_stories_vary" time="0.944" /><testcase classname="tests.test_services_v2.TestPodcastEndpoints" name="test_podcasts_list" time="0.174" /><testcase classname="tests.test_services_v2.TestPodcastEndpoints" name="test_podcast_categories" time="0.147" /><testcase classname="tests.test_services_v2.TestPodcastEndpoints" name="test_podcast_search" time="0.418" /><testcase classname="tests.test_services_v2.TestListeningHistory" name="test_add_and_get_history" time="0.236" /><testcase classname="tests.test_services_v2.TestTTSCaching" name="test_tts_caching_returns_same_result" time="0.254" /><testcase classname="tests.test_services_v2.TestSettingsPersistence" name="test_save_and_read_settings" time="0.363" /></testsuite></testsuites>