<?xml version="1.0" encoding="utf-8"?><testsuites name="pytest tests"><testsuite name="pytest" errors="0" failures="0" skipped="0" tests="9" time="2.892" timestamp="2026-02-26T22:05:31.371334+00:00" hostname="agent-env-e36cb6bc-5508-45e1-8017-3da575fd9564"><testcase classname="backend.tests.test_iteration54_analytics.TestAnalyticsEndpoint" name="test_analytics_guest_returns_200" time="0.193" /><testcase classname="backend.tests.test_iteration54_analytics.TestAnalyticsEndpoint" name="test_analytics_has_weekly_trend" time="0.183" /><testcase classname="backend.tests.test_iteration54_analytics.TestAnalyticsEndpoint" name="test_weekly_trend_has_4_weeks" time="0.138" /><testcase classname="backend.tests.test_iteration54_analytics.TestAnalyticsEndpoint" name="test_analytics_has_period_comparison" time="0.556" /><testcase classname="backend.tests.test_iteration54_analytics.TestAnalyticsEndpoint" name="test_period_comparison_has_required_fields" time="0.238" /><testcase classname="backend.tests.test_iteration54_analytics.TestAnalyticsEndpoint" name="test_analytics_has_hourly_distribution" time="0.107" /><testcase classname="backend.tests.test_iteration54_analytics.TestAnalyticsEndpoint" name="test_analytics_has_core_fields" time="0.230" /><testcase classname="backend.tests.test_iteration54_analytics.TestHealthEndpoint" name="test_health_returns_200" time="0.175" /><testcase classname="backend.tests.test_iteration54_analytics.TestNewsEndpoint" name="test_news_returns_200" time="1.011" /></testsuite></testsuites>