<?xml version="1.0" encoding="utf-8"?><testsuites name="pytest tests"><testsuite name="pytest" errors="0" failures="0" skipped="0" tests="35" time="15.155" timestamp="2026-02-25T11:57:19.315434+00:00" hostname="agent-env-c428e85f-7091-4ee1-bac2-f5475bdb97f9"><testcase classname="tests.test_services.TestContentSources" name="test_sources_returns_total" time="0.211" /><testcase classname="tests.test_services.TestContentSources" name="test_sources_has_regions" time="0.109" /><testcase classname="tests.test_services.TestContentSources" name="test_sources_has_categories" time="0.097" /><testcase classname="tests.test_services.TestContentSources" name="test_sources_lists_individual" time="0.109" /><testcase classname="tests.test_services.TestContentSources" name="test_sources_no_dubawa" time="0.111" /><testcase classname="tests.test_services.TestContentSources" name="test_sources_has_aggregators" time="0.116" /><testcase classname="tests.test_services.TestNewsEndpoint" name="test_news_returns_list" time="0.633" /><testcase classname="tests.test_services.TestNewsEndpoint" name="test_news_search" time="0.678" /><testcase classname="tests.test_services.TestSettings" name="test_save_settings" time="0.142" /><testcase classname="tests.test_services.TestSettings" name="test_fetch_settings_reflects_save" time="0.165" /><testcase classname="tests.test_services.TestSettings" name="test_settings_merge_preserves_fields" time="0.229" /><testcase classname="tests.test_services.TestSettings" name="test_default_settings_for_unknown_user" time="0.114" /><testcase classname="tests.test_services.TestTranslation" name="test_languages_list" time="0.106" /><testcase classname="tests.test_services.TestTranslation" name="test_quick_translate" time="0.600" /><testcase classname="tests.test_services.TestFactCheck" name="test_factcheck_search" time="0.665" /><testcase classname="tests.test_services.TestFactCheck" name="test_factcheck_verify" time="1.556" /><testcase classname="tests.test_services.TestMetrics" name="test_metrics_includes_total_sources" time="0.131" /><testcase classname="tests.test_services.TestMetrics" name="test_metrics_includes_local_and_international" time="0.095" /><testcase classname="tests.test_services.TestHealth" name="test_health_endpoint" time="0.102" /><testcase classname="tests.test_tts_podcast_aggregator.TestTTS" name="test_tts_generate_returns_audio" time="0.781" /><testcase classname="tests.test_tts_podcast_aggregator.TestTTS" name="test_tts_voice_mapping_english_male" time="2.143" /><testcase classname="tests.test_tts_podcast_aggregator.TestTTS" name="test_tts_voice_mapping_yoruba_female" time="2.054" /><testcase classname="tests.test_tts_podcast_aggregator.TestTTS" name="test_tts_with_translation_pidgin" time="1.798" /><testcase classname="tests.test_tts_podcast_aggregator.TestTTS" name="test_tts_voices_list" time="0.106" /><testcase classname="tests.test_tts_podcast_aggregator.TestPodcast" name="test_podcasts_list" time="0.092" /><testcase classname="tests.test_tts_podcast_aggregator.TestPodcast" name="test_podcasts_list_main_endpoint" time="0.108" /><testcase classname="tests.test_tts_podcast_aggregator.TestAggregators" name="test_aggregator_status" time="0.094" /><testcase classname="tests.test_tts_podcast_aggregator.TestAggregators" name="test_fetch_mediastack" time="0.415" /><testcase classname="tests.test_tts_podcast_aggregator.TestAggregators" name="test_fetch_newsdata" time="0.378" /><testcase classname="tests.test_tts_podcast_aggregator.TestAggregators" name="test_fetch_all_aggregators" time="0.233" /><testcase classname="tests.test_tts_podcast_aggregator.TestAggregators" name="test_mediastack_article_structure" time="0.251" /><testcase classname="tests.test_tts_podcast_aggregator.TestAggregators" name="test_newsdata_article_structure" time="0.303" /><testcase classname="tests.test_tts_podcast_aggregator.TestHealthRegression" name="test_health_endpoint" time="0.126" /><testcase classname="tests.test_tts_podcast_aggregator.TestHealthRegression" name="test_sources_health" time="0.113" /><testcase classname="tests.test_tts_podcast_aggregator.TestHealthRegression" name="test_sources_count" time="0.093" /></testsuite></testsuites>