<?xml version="1.0" encoding="utf-8"?><testsuites name="pytest tests"><testsuite name="pytest" errors="0" failures="0" skipped="0" tests="12" time="47.811" timestamp="2026-02-23T20:18:47.437415+00:00" hostname="agent-env-6a5ec781-00aa-4c77-8168-d4eb6f1b3a63"><testcase classname="tests.test_narvo_api.TestHealthEndpoint" name="test_health_status" time="0.196" /><testcase classname="tests.test_narvo_api.TestNewsEndpoints" name="test_get_news_list" time="0.796" /><testcase classname="tests.test_narvo_api.TestNewsEndpoints" name="test_get_news_with_region_filter" time="0.673" /><testcase classname="tests.test_narvo_api.TestNewsEndpoints" name="test_get_news_detail" time="6.563" /><testcase classname="tests.test_narvo_api.TestNewsEndpoints" name="test_get_news_detail_not_found" time="0.839" /><testcase classname="tests.test_narvo_api.TestVoicesEndpoint" name="test_get_voices" time="0.174" /><testcase classname="tests.test_narvo_api.TestRegionsEndpoint" name="test_get_regions" time="0.118" /><testcase classname="tests.test_narvo_api.TestCategoriesEndpoint" name="test_get_categories" time="0.123" /><testcase classname="tests.test_narvo_api.TestTrendingEndpoint" name="test_get_trending" time="0.188" /><testcase classname="tests.test_narvo_api.TestMetricsEndpoint" name="test_get_metrics" time="0.127" /><testcase classname="tests.test_narvo_api.TestBriefingEndpoints" name="test_generate_briefing" time="35.590" /><testcase classname="tests.test_narvo_api.TestParaphraseEndpoint" name="test_paraphrase_text" time="2.355" /></testsuite></testsuites>