<?xml version="1.0" encoding="utf-8"?><testsuites name="pytest tests"><testsuite name="pytest" errors="0" failures="0" skipped="0" tests="35" time="18.308" timestamp="2026-02-25T12:12:20.865284+00:00" hostname="agent-env-c428e85f-7091-4ee1-bac2-f5475bdb97f9"><testcase classname="backend.tests.test_services.TestContentSources" name="test_sources_returns_total" time="0.191" /><testcase classname="backend.tests.test_services.TestContentSources" name="test_sources_has_regions" time="0.101" /><testcase classname="backend.tests.test_services.TestContentSources" name="test_sources_has_categories" time="0.095" /><testcase classname="backend.tests.test_services.TestContentSources" name="test_sources_lists_individual" time="0.096" /><testcase classname="backend.tests.test_services.TestContentSources" name="test_sources_no_dubawa" time="0.105" /><testcase classname="backend.tests.test_services.TestContentSources" name="test_sources_has_aggregators" time="0.096" /><testcase classname="backend.tests.test_services.TestNewsEndpoint" name="test_news_returns_list" time="0.696" /><testcase classname="backend.tests.test_services.TestNewsEndpoint" name="test_news_search" time="0.651" /><testcase classname="backend.tests.test_services.TestSettings" name="test_save_settings" time="0.104" /><testcase classname="backend.tests.test_services.TestSettings" name="test_fetch_settings_reflects_save" time="0.171" /><testcase classname="backend.tests.test_services.TestSettings" name="test_settings_merge_preserves_fields" time="0.266" /><testcase classname="backend.tests.test_services.TestSettings" name="test_default_settings_for_unknown_user" time="0.134" /><testcase classname="backend.tests.test_services.TestTranslation" name="test_languages_list" time="0.109" /><testcase classname="backend.tests.test_services.TestTranslation" name="test_quick_translate" time="3.119" /><testcase classname="backend.tests.test_services.TestFactCheck" name="test_factcheck_search" time="0.683" /><testcase classname="backend.tests.test_services.TestFactCheck" name="test_factcheck_verify" time="0.613" /><testcase classname="backend.tests.test_services.TestMetrics" name="test_metrics_includes_total_sources" time="0.109" /><testcase classname="backend.tests.test_services.TestMetrics" name="test_metrics_includes_local_and_international" time="0.099" /><testcase classname="backend.tests.test_services.TestHealth" name="test_health_endpoint" time="0.100" /><testcase classname="backend.tests.test_tts_podcast_aggregator.TestTTS" name="test_tts_generate_returns_audio" time="0.931" /><testcase classname="backend.tests.test_tts_podcast_aggregator.TestTTS" name="test_tts_voice_mapping_english_male" time="3.841" /><testcase classname="backend.tests.test_tts_podcast_aggregator.TestTTS" name="test_tts_voice_mapping_yoruba_female" time="1.686" /><testcase classname="backend.tests.test_tts_podcast_aggregator.TestTTS" name="test_tts_with_translation_pidgin" time="1.915" /><testcase classname="backend.tests.test_tts_podcast_aggregator.TestTTS" name="test_tts_voices_list" time="0.101" /><testcase classname="backend.tests.test_tts_podcast_aggregator.TestPodcast" name="test_podcasts_list" time="0.109" /><testcase classname="backend.tests.test_tts_podcast_aggregator.TestPodcast" name="test_podcasts_list_main_endpoint" time="0.106" /><testcase classname="backend.tests.test_tts_podcast_aggregator.TestAggregators" name="test_aggregator_status" time="0.138" /><testcase classname="backend.tests.test_tts_podcast_aggregator.TestAggregators" name="test_fetch_mediastack" time="0.485" /><testcase classname="backend.tests.test_tts_podcast_aggregator.TestAggregators" name="test_fetch_newsdata" time="0.299" /><testcase classname="backend.tests.test_tts_podcast_aggregator.TestAggregators" name="test_fetch_all_aggregators" time="0.231" /><testcase classname="backend.tests.test_tts_podcast_aggregator.TestAggregators" name="test_mediastack_article_structure" time="0.206" /><testcase classname="backend.tests.test_tts_podcast_aggregator.TestAggregators" name="test_newsdata_article_structure" time="0.309" /><testcase classname="backend.tests.test_tts_podcast_aggregator.TestHealthRegression" name="test_health_endpoint" time="0.103" /><testcase classname="backend.tests.test_tts_podcast_aggregator.TestHealthRegression" name="test_sources_health" time="0.103" /><testcase classname="backend.tests.test_tts_podcast_aggregator.TestHealthRegression" name="test_sources_count" time="0.102" /></testsuite></testsuites>