<?xml version="1.0" encoding="utf-8"?><testsuites name="pytest tests"><testsuite name="pytest" errors="0" failures="0" skipped="0" tests="18" time="11.290" timestamp="2026-02-23T22:05:50.062855+00:00" hostname="agent-env-6a5ec781-00aa-4c77-8168-d4eb6f1b3a63"><testcase classname="tests.test_narvo_v8.TestHealthAndCore" name="test_health_endpoint" time="0.291" /><testcase classname="tests.test_narvo_v8.TestHealthAndCore" name="test_metrics_endpoint" time="0.150" /><testcase classname="tests.test_narvo_v8.TestHealthAndCore" name="test_regions_endpoint" time="0.133" /><testcase classname="tests.test_narvo_v8.TestHealthAndCore" name="test_categories_endpoint" time="0.116" /><testcase classname="tests.test_narvo_v8.TestHealthAndCore" name="test_trending_endpoint" time="0.156" /><testcase classname="tests.test_narvo_v8.TestHealthAndCore" name="test_voices_endpoint" time="0.167" /><testcase classname="tests.test_narvo_v8.TestNewsEndpoints" name="test_news_list" time="0.688" /><testcase classname="tests.test_narvo_v8.TestNewsEndpoints" name="test_news_limit_parameter" time="0.868" /><testcase classname="tests.test_narvo_v8.TestNewsEndpoints" name="test_news_detail_valid_id" time="5.685" /><testcase classname="tests.test_narvo_v8.TestNewsEndpoints" name="test_news_detail_invalid_id" time="0.700" /><testcase classname="tests.test_narvo_v8.TestBookmarksEndpoints" name="test_get_empty_bookmarks" time="0.250" /><testcase classname="tests.test_narvo_v8.TestBookmarksEndpoints" name="test_add_bookmark" time="0.359" /><testcase classname="tests.test_narvo_v8.TestBookmarksEndpoints" name="test_get_bookmarks_after_add" time="0.259" /><testcase classname="tests.test_narvo_v8.TestBookmarksEndpoints" name="test_delete_bookmark" time="0.425" /><testcase classname="tests.test_narvo_v8.TestPreferencesEndpoints" name="test_get_default_preferences" time="0.150" /><testcase classname="tests.test_narvo_v8.TestPreferencesEndpoints" name="test_save_preferences" time="0.181" /><testcase classname="tests.test_narvo_v8.TestPreferencesEndpoints" name="test_get_saved_preferences" time="0.272" /><testcase classname="tests.test_narvo_v8.TestPreferencesEndpoints" name="test_update_preferences" time="0.356" /></testsuite></testsuites>