<?xml version="1.0" encoding="utf-8"?><testsuites name="pytest tests"><testsuite name="pytest" errors="0" failures="0" skipped="0" tests="11" time="12.192" timestamp="2026-02-24T19:43:22.638100+00:00" hostname="agent-env-2d9d5d86-68a3-4dae-9043-5e0e78358973"><testcase classname="backend.tests.test_iteration_22.TestHealthAndBasicAPI" name="test_health_endpoint" time="0.268" /><testcase classname="backend.tests.test_iteration_22.TestHealthAndBasicAPI" name="test_news_endpoint_returns_items" time="1.040" /><testcase classname="backend.tests.test_iteration_22.TestHealthAndBasicAPI" name="test_news_item_has_required_fields" time="0.706" /><testcase classname="backend.tests.test_iteration_22.TestNewsImageExtraction" name="test_news_item_has_image_url_field" time="0.703" /><testcase classname="backend.tests.test_iteration_22.TestNewsImageExtraction" name="test_news_detail_has_image_url" time="6.766" /><testcase classname="backend.tests.test_iteration_22.TestMetricsAPI" name="test_metrics_endpoint" time="0.134" /><testcase classname="backend.tests.test_iteration_22.TestCategoriesAndRegions" name="test_categories_endpoint" time="0.178" /><testcase classname="backend.tests.test_iteration_22.TestCategoriesAndRegions" name="test_regions_endpoint" time="0.138" /><testcase classname="backend.tests.test_iteration_22.TestBreakingNews" name="test_breaking_news_endpoint" time="1.059" /><testcase classname="backend.tests.test_iteration_22.TestVoicesAPI" name="test_voices_endpoint" time="0.130" /><testcase classname="backend.tests.test_iteration_22.TestFactCheckAPI" name="test_factcheck_by_story_id" time="0.999" /></testsuite></testsuites>