<?xml version="1.0" encoding="utf-8"?><testsuites name="pytest tests"><testsuite name="pytest" errors="0" failures="0" skipped="0" tests="7" time="1.987" timestamp="2026-02-25T21:07:29.956844+00:00" hostname="agent-env-8f633437-2a69-45a9-8cc5-0500626eaa6e"><testcase classname="backend.tests.test_iteration42.TestPodcastEndpoints" name="test_podcast_categories_returns_8_categories" time="0.319" /><testcase classname="backend.tests.test_iteration42.TestPodcastEndpoints" name="test_podcast_search_with_arctic_query" time="0.187" /><testcase classname="backend.tests.test_iteration42.TestPodcastEndpoints" name="test_podcast_list_returns_episodes" time="0.137" /><testcase classname="backend.tests.test_iteration42.TestSettingsPersistence" name="test_save_and_retrieve_guest_settings" time="0.387" /><testcase classname="backend.tests.test_iteration42.TestSettingsPersistence" name="test_settings_merge_behavior" time="0.566" /><testcase classname="backend.tests.test_iteration42.TestVoicesEndpoint" name="test_voices_returns_all_profiles" time="0.195" /><testcase classname="backend.tests.test_iteration42.TestHealthEndpoint" name="test_api_health" time="0.130" /></testsuite></testsuites>