<?xml version="1.0" encoding="utf-8"?><testsuites name="pytest tests"><testsuite name="pytest" errors="0" failures="0" skipped="0" tests="17" time="10.178" timestamp="2026-02-24T23:07:42.882930+00:00" hostname="agent-env-a9193171-04ea-44b2-a93e-82d1beb1482e"><testcase classname="backend.tests.test_translation_factcheck.TestTranslationAPI" name="test_get_supported_languages" time="0.260" /><testcase classname="backend.tests.test_translation_factcheck.TestTranslationAPI" name="test_get_specific_language" time="0.123" /><testcase classname="backend.tests.test_translation_factcheck.TestTranslationAPI" name="test_get_invalid_language" time="0.151" /><testcase classname="backend.tests.test_translation_factcheck.TestTranslationAPI" name="test_quick_translate_to_pidgin" time="2.137" /><testcase classname="backend.tests.test_translation_factcheck.TestTranslationAPI" name="test_quick_translate_to_yoruba" time="0.814" /><testcase classname="backend.tests.test_translation_factcheck.TestTranslationAPI" name="test_quick_translate_to_hausa" time="0.631" /><testcase classname="backend.tests.test_translation_factcheck.TestTranslationAPI" name="test_quick_translate_to_igbo" time="0.702" /><testcase classname="backend.tests.test_translation_factcheck.TestTranslationAPI" name="test_translate_text_post" time="0.793" /><testcase classname="backend.tests.test_translation_factcheck.TestTranslationAPI" name="test_translate_narrate_endpoint" time="3.378" /><testcase classname="backend.tests.test_translation_factcheck.TestTranslationAPI" name="test_translate_invalid_language" time="0.126" /><testcase classname="backend.tests.test_translation_factcheck.TestFactCheckAPI" name="test_factcheck_search" time="0.134" /><testcase classname="backend.tests.test_translation_factcheck.TestFactCheckAPI" name="test_factcheck_verify" time="0.200" /><testcase classname="backend.tests.test_translation_factcheck.TestFactCheckAPI" name="test_factcheck_story" time="0.147" /><testcase classname="backend.tests.test_translation_factcheck.TestFactCheckAPI" name="test_factcheck_analyze" time="0.118" /><testcase classname="backend.tests.test_translation_factcheck.TestFactCheckAPI" name="test_factcheck_search_with_language" time="0.118" /><testcase classname="backend.tests.test_translation_factcheck.TestFactCheckAPI" name="test_factcheck_search_min_query_length" time="0.120" /><testcase classname="backend.tests.test_translation_factcheck.TestHealthAndIntegration" name="test_health_endpoint" time="0.143" /></testsuite></testsuites>