<?xml version="1.0" encoding="utf-8"?><testsuites name="pytest tests"><testsuite name="pytest" errors="0" failures="0" skipped="0" tests="12" time="5.991" timestamp="2026-02-25T01:13:20.365596+00:00" hostname="agent-env-c428e85f-7091-4ee1-bac2-f5475bdb97f9"><testcase classname="backend.tests.test_health_monitoring_v30.TestHealthMonitoringAPI" name="test_sources_health_endpoint_returns_200" time="0.306" /><testcase classname="backend.tests.test_health_monitoring_v30.TestHealthMonitoringAPI" name="test_sources_health_has_summary_counts" time="0.195" /><testcase classname="backend.tests.test_health_monitoring_v30.TestHealthMonitoringAPI" name="test_sources_health_has_sources_array" time="0.183" /><testcase classname="backend.tests.test_health_monitoring_v30.TestHealthMonitoringAPI" name="test_sources_health_refresh_endpoint" time="0.125" /><testcase classname="backend.tests.test_health_monitoring_v30.TestHealthMonitoringAPI" name="test_sources_health_regions_covered" time="0.128" /><testcase classname="backend.tests.test_health_monitoring_v30.TestHealthMonitoringAPI" name="test_health_refresh_then_verify_updated" time="3.490" /><testcase classname="backend.tests.test_health_monitoring_v30.TestHealthMonitoringAPI" name="test_health_sources_latency_values" time="0.118" /><testcase classname="backend.tests.test_health_monitoring_v30.TestHealthMonitoringAPI" name="test_health_last_checked_format" time="0.150" /><testcase classname="backend.tests.test_health_monitoring_v30.TestExistingFeaturesRegression" name="test_api_sources_still_returns_39" time="0.114" /><testcase classname="backend.tests.test_health_monitoring_v30.TestExistingFeaturesRegression" name="test_api_metrics_endpoint" time="0.131" /><testcase classname="backend.tests.test_health_monitoring_v30.TestExistingFeaturesRegression" name="test_api_news_endpoint" time="0.859" /><testcase classname="backend.tests.test_health_monitoring_v30.TestExistingFeaturesRegression" name="test_api_health_endpoint" time="0.123" /></testsuite></testsuites>