<?xml version="1.0" encoding="utf-8"?><testsuites name="pytest tests"><testsuite name="pytest" errors="0" failures="0" skipped="0" tests="10" time="24.236" timestamp="2026-02-25T23:11:13.443555+00:00" hostname="agent-env-47455c14-68c5-44a0-972d-03e7b36a7972"><testcase classname="tests.test_iteration46.TestVoiceModelPersistence" name="test_post_voice_model_idera_then_get_confirms" time="0.467" /><testcase classname="tests.test_iteration46.TestVoiceModelPersistence" name="test_post_voice_model_emma_then_get_confirms" time="0.878" /><testcase classname="tests.test_iteration46.TestTTSGenerationVoices" name="test_tts_generate_with_idera_voice" time="0.128" /><testcase classname="tests.test_iteration46.TestTTSGenerationVoices" name="test_tts_generate_with_zainab_voice" time="0.235" /><testcase classname="tests.test_iteration46.TestPodcastFeeds" name="test_podcasts_returns_10_plus_episodes" time="15.168" /><testcase classname="tests.test_iteration46.TestPodcastFeeds" name="test_podcasts_have_multiple_sources" time="0.152" /><testcase classname="tests.test_iteration46.TestPodcastFeeds" name="test_podcast_episode_structure" time="0.130" /><testcase classname="tests.test_iteration46.TestVoicesEndpoint" name="test_voices_contains_all_yarngpt_voices" time="0.141" /><testcase classname="tests.test_iteration46.TestNewsEndpoint" name="test_news_returns_articles" time="0.889" /><testcase classname="tests.test_iteration46.TestNewsEndpoint" name="test_news_article_detail" time="5.980" /></testsuite></testsuites>