<?xml version="1.0" encoding="utf-8"?><testsuites name="pytest tests"><testsuite name="pytest" errors="0" failures="0" skipped="0" tests="9" time="4.234" timestamp="2026-02-23T23:53:27.464434+00:00" hostname="agent-env-18a17ee4-55f0-412d-bcd3-850b77ba8046"><testcase classname="backend.tests.test_user_profile_radio.TestHealthAndMetrics" name="test_health_endpoint" time="0.230" /><testcase classname="backend.tests.test_user_profile_radio.TestHealthAndMetrics" name="test_metrics_endpoint" time="0.178" /><testcase classname="backend.tests.test_user_profile_radio.TestVoiceStudioAPI" name="test_voices_endpoint" time="0.130" /><testcase classname="backend.tests.test_user_profile_radio.TestRadioIntegration" name="test_radio_countries_endpoint" time="0.107" /><testcase classname="backend.tests.test_user_profile_radio.TestRadioIntegration" name="test_radio_stations_nigeria" time="0.684" /><testcase classname="backend.tests.test_user_profile_radio.TestRadioIntegration" name="test_radio_stations_ghana" time="0.564" /><testcase classname="backend.tests.test_user_profile_radio.TestRadioIntegration" name="test_radio_stations_south_africa" time="0.581" /><testcase classname="backend.tests.test_user_profile_radio.TestRadioIntegration" name="test_radio_stations_default" time="0.802" /><testcase classname="backend.tests.test_user_profile_radio.TestNewsAPI" name="test_news_endpoint" time="0.891" /></testsuite></testsuites>