<?xml version="1.0" encoding="utf-8"?><testsuites name="pytest tests"><testsuite name="pytest" errors="0" failures="2" skipped="0" tests="11" time="2.748" timestamp="2026-02-25T22:26:51.461890+00:00" hostname="agent-env-47455c14-68c5-44a0-972d-03e7b36a7972"><testcase classname="backend.tests.test_iteration44.TestVoicesEndpoint" name="test_voices_returns_yarngpt_voices" time="0.300" /><testcase classname="backend.tests.test_iteration44.TestVoicesEndpoint" name="test_voices_have_correct_languages" time="0.138" /><testcase classname="backend.tests.test_iteration44.TestSoundThemesEndpoint" name="test_sound_themes_returns_5_themes" time="0.163" /><testcase classname="backend.tests.test_iteration44.TestNotificationEndpoints" name="test_subscribe_endpoint" time="0.168" /><testcase classname="backend.tests.test_iteration44.TestNotificationEndpoints" name="test_subscribe_requires_endpoint" time="0.157" /><testcase classname="backend.tests.test_iteration44.TestNotificationEndpoints" name="test_unsubscribe_endpoint" time="0.212" /><testcase classname="backend.tests.test_iteration44.TestNotificationEndpoints" name="test_digest_endpoint" time="0.175" /><testcase classname="backend.tests.test_iteration44.TestSettingsEndpoint" name="test_settings_stores_interests" time="0.133"><failure message="AssertionError: PUT settings failed: 405&#10;assert 405 == 200&#10; +  where 405 = &lt;Response [405]&gt;.status_code">backend/tests/test_iteration44.py:148: in test_settings_stores_interests
    assert response.status_code == 200, f"PUT settings failed: {response.status_code}"
E   AssertionError: PUT settings failed: 405
E   assert 405 == 200
E    +  where 405 = &lt;Response [405]&gt;.status_code</failure></testcase><testcase classname="backend.tests.test_iteration44.TestSettingsEndpoint" name="test_settings_stores_sound_theme" time="0.138"><failure message="assert 405 == 200&#10; +  where 405 = &lt;Response [405]&gt;.status_code">backend/tests/test_iteration44.py:171: in test_settings_stores_sound_theme
    assert response.status_code == 200
E   assert 405 == 200
E    +  where 405 = &lt;Response [405]&gt;.status_code</failure></testcase><testcase classname="backend.tests.test_iteration44.TestBriefingEndpoint" name="test_briefing_latest_no_crash" time="0.364" /><testcase classname="backend.tests.test_iteration44.TestNewsEndpoint" name="test_news_feed_returns_data" time="0.709" /></testsuite></testsuites>