<?xml version="1.0" encoding="utf-8"?><testsuites name="pytest tests"><testsuite name="pytest" errors="0" failures="0" skipped="0" tests="16" time="9.193" timestamp="2026-02-25T14:09:20.384876+00:00" hostname="agent-env-11771840-5756-4d51-b278-26cf9c9736bb"><testcase classname="backend.tests.test_iteration_35.TestNewsDataBugFix" name="test_newsdata_endpoint_returns_200" time="0.263" /><testcase classname="backend.tests.test_iteration_35.TestNewsDataBugFix" name="test_newsdata_returns_articles" time="0.422" /><testcase classname="backend.tests.test_iteration_35.TestNewsDataBugFix" name="test_aggregator_status_shows_newsdata" time="0.117" /><testcase classname="backend.tests.test_iteration_35.TestSearchBugFix" name="test_search_endpoint_returns_200" time="0.870" /><testcase classname="backend.tests.test_iteration_35.TestSearchBugFix" name="test_search_includes_aggregator_articles" time="0.795" /><testcase classname="backend.tests.test_iteration_35.TestSearchBugFix" name="test_search_with_different_query" time="0.700" /><testcase classname="backend.tests.test_iteration_35.TestUserPrefsIntegration" name="test_guest_settings_returns_aggregator_prefs" time="0.128" /><testcase classname="backend.tests.test_iteration_35.TestUserPrefsIntegration" name="test_news_endpoint_accepts_aggregator_sources" time="0.690" /><testcase classname="backend.tests.test_iteration_35.TestUserPrefsIntegration" name="test_news_endpoint_filters_by_single_source" time="0.626" /><testcase classname="backend.tests.test_iteration_35.TestDeduplication" name="test_news_returns_unique_items" time="0.648" /><testcase classname="backend.tests.test_iteration_35.TestAggregatorCacheRefresh" name="test_aggregator_status_cache_info" time="0.228" /><testcase classname="backend.tests.test_iteration_35.TestAggregatorCacheRefresh" name="test_mediastack_endpoint" time="0.424" /><testcase classname="backend.tests.test_iteration_35.TestSearchFilters" name="test_search_with_category_filter" time="0.844" /><testcase classname="backend.tests.test_iteration_35.TestSearchFilters" name="test_search_pagination" time="2.067" /><testcase classname="backend.tests.test_iteration_35.TestHealthAndBasics" name="test_health_endpoint" time="0.116" /><testcase classname="backend.tests.test_iteration_35.TestHealthAndBasics" name="test_metrics_endpoint" time="0.186" /></testsuite></testsuites>