<?xml version="1.0" encoding="utf-8"?><testsuites name="pytest tests"><testsuite name="pytest" errors="0" failures="0" skipped="0" tests="15" time="22.628" timestamp="2026-02-25T15:06:40.437961+00:00" hostname="agent-env-11771840-5756-4d51-b278-26cf9c9736bb"><testcase classname="backend.tests.test_ai_sanitizer_v37.TestHealthAndBasicEndpoints" name="test_health_check" time="0.282" /><testcase classname="backend.tests.test_ai_sanitizer_v37.TestHealthAndBasicEndpoints" name="test_news_endpoint" time="0.941" /><testcase classname="backend.tests.test_ai_sanitizer_v37.TestHealthAndBasicEndpoints" name="test_search_endpoint" time="0.909" /><testcase classname="backend.tests.test_ai_sanitizer_v37.TestParaphraseSanitizer" name="test_paraphrase_basic" time="4.778" /><testcase classname="backend.tests.test_ai_sanitizer_v37.TestParaphraseSanitizer" name="test_paraphrase_strips_brackets" time="2.238" /><testcase classname="backend.tests.test_ai_sanitizer_v37.TestTranslationSanitizer" name="test_translate_to_pidgin" time="1.364" /><testcase classname="backend.tests.test_ai_sanitizer_v37.TestTranslationSanitizer" name="test_translate_to_yoruba" time="2.145" /><testcase classname="backend.tests.test_ai_sanitizer_v37.TestTranslationSanitizer" name="test_supported_languages_endpoint" time="0.146" /><testcase classname="backend.tests.test_ai_sanitizer_v37.TestBriefingScriptSanitizer" name="test_briefing_generate" time="0.296" /><testcase classname="backend.tests.test_ai_sanitizer_v37.TestBriefingScriptSanitizer" name="test_briefing_history" time="0.226" /><testcase classname="backend.tests.test_ai_sanitizer_v37.TestSanitizerIntegration" name="test_multiple_paraphrases_no_sfx" time="8.235" /><testcase classname="backend.tests.test_ai_sanitizer_v37.TestRegressionEndpoints" name="test_voices_endpoint" time="0.214" /><testcase classname="backend.tests.test_ai_sanitizer_v37.TestRegressionEndpoints" name="test_categories_endpoint" time="0.117" /><testcase classname="backend.tests.test_ai_sanitizer_v37.TestRegressionEndpoints" name="test_regions_endpoint" time="0.138" /><testcase classname="backend.tests.test_ai_sanitizer_v37.TestRegressionEndpoints" name="test_metrics_endpoint" time="0.527" /></testsuite></testsuites>