<?xml version="1.0" encoding="utf-8"?><testsuites name="pytest tests"><testsuite name="pytest" errors="0" failures="0" skipped="0" tests="20" time="23.980" timestamp="2026-02-24T15:12:11.221757+00:00" hostname="agent-env-f3e1f65b-c43a-4bb3-aba0-12250e051838"><testcase classname="backend.tests.test_iteration_18.TestHealthAndBasics" name="test_health_endpoint" time="0.248" /><testcase classname="backend.tests.test_iteration_18.TestBreakingNewsAPI" name="test_breaking_news_endpoint_returns_200" time="0.703" /><testcase classname="backend.tests.test_iteration_18.TestBreakingNewsAPI" name="test_breaking_news_returns_list" time="0.892" /><testcase classname="backend.tests.test_iteration_18.TestBreakingNewsAPI" name="test_breaking_news_has_stories" time="0.762" /><testcase classname="backend.tests.test_iteration_18.TestBreakingNewsAPI" name="test_breaking_news_story_structure" time="0.902" /><testcase classname="backend.tests.test_iteration_18.TestBreakingNewsAPI" name="test_breaking_news_max_3_stories" time="0.812" /><testcase classname="backend.tests.test_iteration_18.TestMetricsAPI" name="test_metrics_endpoint_returns_200" time="0.120" /><testcase classname="backend.tests.test_iteration_18.TestMetricsAPI" name="test_metrics_has_required_fields" time="0.178" /><testcase classname="backend.tests.test_iteration_18.TestMetricsAPI" name="test_metrics_values_are_valid" time="0.142" /><testcase classname="backend.tests.test_iteration_18.TestOGImageEndpoint" name="test_og_endpoint_returns_html" time="1.502" /><testcase classname="backend.tests.test_iteration_18.TestOGImageEndpoint" name="test_og_endpoint_has_og_title" time="1.582" /><testcase classname="backend.tests.test_iteration_18.TestOGImageEndpoint" name="test_og_endpoint_has_og_description" time="1.385" /><testcase classname="backend.tests.test_iteration_18.TestOGImageEndpoint" name="test_og_endpoint_has_twitter_card" time="1.560" /><testcase classname="backend.tests.test_iteration_18.TestOGImageEndpoint" name="test_og_endpoint_invalid_id_returns_404" time="0.846" /><testcase classname="backend.tests.test_iteration_18.TestNewsAPI" name="test_news_endpoint_returns_200" time="0.741" /><testcase classname="backend.tests.test_iteration_18.TestNewsAPI" name="test_news_returns_list" time="0.707" /><testcase classname="backend.tests.test_iteration_18.TestNewsAPI" name="test_news_limit_parameter" time="0.707" /><testcase classname="backend.tests.test_iteration_18.TestNewsAPI" name="test_news_item_structure" time="1.045" /><testcase classname="backend.tests.test_iteration_18.TestNewsDetailAPI" name="test_news_detail_returns_200" time="8.096" /><testcase classname="backend.tests.test_iteration_18.TestNewsDetailAPI" name="test_news_detail_invalid_id_returns_404" time="0.978" /></testsuite></testsuites>