<?xml version="1.0" encoding="utf-8"?><testsuites name="pytest tests"><testsuite name="pytest" errors="0" failures="5" skipped="0" tests="25" time="6.777" timestamp="2026-02-25T01:20:07.923764+00:00" hostname="agent-env-c428e85f-7091-4ee1-bac2-f5475bdb97f9"><testcase classname="backend.tests.test_voice_mapping_v31.TestVoiceGenderMapping" name="test_translate_languages_endpoint_returns_200" time="0.257" /><testcase classname="backend.tests.test_voice_mapping_v31.TestVoiceGenderMapping" name="test_translate_languages_returns_list" time="0.124" /><testcase classname="backend.tests.test_voice_mapping_v31.TestVoiceGenderMapping" name="test_translate_languages_has_gender_field" time="0.110" /><testcase classname="backend.tests.test_voice_mapping_v31.TestVoiceGenderMapping" name="test_english_voice_is_onyx_male" time="0.152" /><testcase classname="backend.tests.test_voice_mapping_v31.TestVoiceGenderMapping" name="test_pidgin_voice_is_echo_male" time="0.113" /><testcase classname="backend.tests.test_voice_mapping_v31.TestVoiceGenderMapping" name="test_yoruba_voice_is_nova_female" time="0.142" /><testcase classname="backend.tests.test_voice_mapping_v31.TestVoiceGenderMapping" name="test_hausa_voice_is_shimmer_female" time="0.136" /><testcase classname="backend.tests.test_voice_mapping_v31.TestVoiceGenderMapping" name="test_igbo_voice_is_alloy_female" time="0.138" /><testcase classname="backend.tests.test_voice_mapping_v31.TestVoiceGenderMapping" name="test_all_voice_mappings_complete" time="0.109" /><testcase classname="backend.tests.test_voice_mapping_v31.TestVoicesEndpoint" name="test_voices_endpoint_returns_200" time="0.142" /><testcase classname="backend.tests.test_voice_mapping_v31.TestVoicesEndpoint" name="test_voices_returns_list" time="0.203" /><testcase classname="backend.tests.test_voice_mapping_v31.TestVoicesEndpoint" name="test_voices_have_gender_field" time="0.148"><failure message="AssertionError: Voice nova missing 'gender' field&#10;assert 'gender' in {'accent': 'English', 'description': 'Clear, professional international voice', 'id': 'nova', 'language': 'en', ...}">backend/tests/test_voice_mapping_v31.py:142: in test_voices_have_gender_field
    assert "gender" in voice, f"Voice {voice.get('id')} missing 'gender' field"
E   AssertionError: Voice nova missing 'gender' field
E   assert 'gender' in {'accent': 'English', 'description': 'Clear, professional international voice', 'id': 'nova', 'language': 'en', ...}</failure></testcase><testcase classname="backend.tests.test_voice_mapping_v31.TestVoicesEndpoint" name="test_voices_have_nigerian_names" time="0.116"><failure message="AssertionError: Expected voice name 'Emeka' not found&#10;assert 'Emeka' in ['Nova', 'Onyx', 'Olúwásẹ̀un', 'Abubakar', 'Chinyere']">backend/tests/test_voice_mapping_v31.py:154: in test_voices_have_nigerian_names
    assert name in found_names, f"Expected voice name '{name}' not found"
E   AssertionError: Expected voice name 'Emeka' not found
E   assert 'Emeka' in ['Nova', 'Onyx', 'Olúwásẹ̀un', 'Abubakar', 'Chinyere']</failure></testcase><testcase classname="backend.tests.test_voice_mapping_v31.TestVoicesEndpoint" name="test_onyx_voice_is_male" time="0.114"><failure message="KeyError: 'gender'">backend/tests/test_voice_mapping_v31.py:164: in test_onyx_voice_is_male
    assert onyx["gender"] == "male", f"Expected male, got {onyx['gender']}"
           ^^^^^^^^^^^^^^
E   KeyError: 'gender'</failure></testcase><testcase classname="backend.tests.test_voice_mapping_v31.TestVoicesEndpoint" name="test_echo_voice_is_male" time="0.118"><failure message="KeyError: 'gender'">backend/tests/test_voice_mapping_v31.py:174: in test_echo_voice_is_male
    assert echo["gender"] == "male", f"Expected male, got {echo['gender']}"
           ^^^^^^^^^^^^^^
E   KeyError: 'gender'</failure></testcase><testcase classname="backend.tests.test_voice_mapping_v31.TestVoicesEndpoint" name="test_female_voices" time="0.178"><failure message="KeyError: 'gender'">backend/tests/test_voice_mapping_v31.py:192: in test_female_voices
    assert voice["gender"] == "female", f"{voice_id}: Expected female, got {voice['gender']}"
           ^^^^^^^^^^^^^^^
E   KeyError: 'gender'</failure></testcase><testcase classname="backend.tests.test_voice_mapping_v31.TestHealthCheckPeriodic" name="test_sources_health_returns_200" time="0.119" /><testcase classname="backend.tests.test_voice_mapping_v31.TestHealthCheckPeriodic" name="test_sources_health_has_sources_array" time="0.144" /><testcase classname="backend.tests.test_voice_mapping_v31.TestHealthCheckPeriodic" name="test_sources_health_has_last_checked" time="0.148" /><testcase classname="backend.tests.test_voice_mapping_v31.TestHealthCheckPeriodic" name="test_sources_health_summary_counts" time="0.109" /><testcase classname="backend.tests.test_voice_mapping_v31.TestHealthCheckPeriodic" name="test_sources_health_refresh_still_works" time="0.159" /><testcase classname="backend.tests.test_voice_mapping_v31.TestHealthCheckPeriodic" name="test_health_data_non_null_after_refresh" time="3.302" /><testcase classname="backend.tests.test_voice_mapping_v31.TestRegressionPreviousFeatures" name="test_api_sources_returns_39_feeds" time="0.143" /><testcase classname="backend.tests.test_voice_mapping_v31.TestRegressionPreviousFeatures" name="test_api_sources_3_regions" time="0.109" /><testcase classname="backend.tests.test_voice_mapping_v31.TestRegressionPreviousFeatures" name="test_api_health_status" time="0.122" /></testsuite></testsuites>